"../../../Engine/Content/Functions/Engine_MaterialFunctions01/Opacity/CameraDepthFade.uasset" 0
"../../../Engine/Content/EngineMaterials/T_Default_Material_Grid_M.uasset" 1
"../../../Engine/Content/EngineMaterials/T_Default_Material_Grid_N.uasset" 2
"../../../Engine/Content/EngineMaterials/WorldGridMaterial.uasset" 3
"../../../../../../UnrealEngineProjects/Liza_En_Bar_23092020/Content/Box_Brush2_StaticMesh.uasset" 4
"../../../../../../UnrealEngineProjects/Liza_En_Bar_23092020/Content/Box_Brush3_StaticMesh.uasset" 5
"../../../../../../UnrealEngineProjects/Liza_En_Bar_23092020/Content/Box_Brush4_StaticMesh.uasset" 6
"../../../../../../UnrealEngineProjects/Liza_En_Bar_23092020/Content/Box_Brush5_StaticMesh.uasset" 7
"../../../../../../UnrealEngineProjects/Liza_En_Bar_23092020/Content/Box_Brush6_StaticMesh.uasset" 8
"../../../../../../UnrealEngineProjects/Liza_En_Bar_23092020/Content/Box_Brush7_StaticMesh.uasset" 9
"../../../../../../UnrealEngineProjects/Liza_En_Bar_23092020/Content/Box_Brush8_StaticMesh.uasset" 10
"../../../../../../UnrealEngineProjects/Liza_En_Bar_23092020/Content/Box_Brush9_StaticMesh.uasset" 11
"../../../../../../UnrealEngineProjects/Liza_En_Bar_23092020/Content/StandartContent/StarterContent/Textures/T_Fire_Tiled_D.uasset" 12
"../../../../../../UnrealEngineProjects/Liza_En_Bar_23092020/Content/Gamecore/Damage/RedFire.uasset" 13
"../../../../../../UnrealEngineProjects/Liza_En_Bar_23092020/Content/Box_Brush_StaticMesh.uasset" 14
"../../../../../../UnrealEngineProjects/Liza_En_Bar_23092020/Content/Curved_Stair_Brush2_StaticMesh.uasset" 15
"../../../../../../UnrealEngineProjects/Liza_En_Bar_23092020/Content/Curved_Stair_Brush_StaticMesh.uasset" 16
"../../../../../../UnrealEngineProjects/Liza_En_Bar_23092020/Content/Cylinder_Brush2_StaticMesh.uasset" 17
"../../../../../../UnrealEngineProjects/Liza_En_Bar_23092020/Content/Cylinder_Brush3_StaticMesh.uasset" 18
"../../../../../../UnrealEngineProjects/Liza_En_Bar_23092020/Content/Cylinder_Brush4_StaticMesh.uasset" 19
"../../../../../../UnrealEngineProjects/Liza_En_Bar_23092020/Content/Cylinder_Brush5_StaticMesh.uasset" 20
"../../../../../../UnrealEngineProjects/Liza_En_Bar_23092020/Content/Cylinder_Brush6_StaticMesh.uasset" 21
"../../../../../../UnrealEngineProjects/Liza_En_Bar_23092020/Content/Cylinder_Brush7_StaticMesh.uasset" 22
"../../../../../../UnrealEngineProjects/Liza_En_Bar_23092020/Content/Cylinder_Brush8_StaticMesh.uasset" 23
"../../../../../../UnrealEngineProjects/Liza_En_Bar_23092020/Content/Cylinder_Brush9_StaticMesh.uasset" 24
"../../../../../../UnrealEngineProjects/Liza_En_Bar_23092020/Content/Cylinder_Brush_StaticMesh.uasset" 25
"../../../../../../UnrealEngineProjects/Liza_En_Bar_23092020/Content/StandartContent/StarterContent/Textures/T_Concrete_Tiles_D.uasset" 26
"../../../../../../UnrealEngineProjects/Liza_En_Bar_23092020/Content/StandartContent/StarterContent/Textures/T_Concrete_Tiles_M.uasset" 27
"../../../../../../UnrealEngineProjects/Liza_En_Bar_23092020/Content/StandartContent/StarterContent/Textures/T_Concrete_Tiles_N.uasset" 28
"../../../../../../UnrealEngineProjects/Liza_En_Bar_23092020/Content/StandartContent/StarterContent/Textures/T_Concrete_Tiles_Variation_M.uasset" 29
"../../../../../../UnrealEngineProjects/Liza_En_Bar_23092020/Content/StandartContent/StarterContent/Textures/T_MacroVariation.uasset" 30
"../../../../../../UnrealEngineProjects/Liza_En_Bar_23092020/Content/StandartContent/StarterContent/Materials/M_Concrete_Tiles.uasset" 31
"../../../../../../UnrealEngineProjects/Liza_En_Bar_23092020/Content/Spiral_Stair_Brush_StaticMesh.uasset" 32
"../../../../../../UnrealEngineProjects/Liza_En_Bar_23092020/Content/Spiral_Stair_Brush_StaticMesh1.uasset" 33
"../../../Engine/Content/Animation/DefaultAnimBoneCompressionSettings.uasset" 34
"../../../../../../UnrealEngineProjects/Liza_En_Bar_23092020/Content/AnimStarterPack/UE4_Mannequin/Mesh/MainSkeleton.uasset" 35
"../../../../../../UnrealEngineProjects/Liza_En_Bar_23092020/Content/AnimStarterPack/Aim_Space_Hip.uasset" 36
"../../../../../../UnrealEngineProjects/Liza_En_Bar_23092020/Content/AnimStarterPack/Aim_Space_Ironsights.uasset" 37
"../../../../../../UnrealEngineProjects/Liza_En_Bar_23092020/Content/AnimStarterPack/Crouch_to_Stand_Rifle_Hip.uasset" 38
"../../../../../../UnrealEngineProjects/Liza_En_Bar_23092020/Content/AnimStarterPack/Crouch_to_Stand_Rifle_Ironsights.uasset" 39
"../../../../../../UnrealEngineProjects/Liza_En_Bar_23092020/Content/AnimStarterPack/Death_1.uasset" 40
"../../../../../../UnrealEngineProjects/Liza_En_Bar_23092020/Content/AnimStarterPack/Death_2.uasset" 41
"../../../../../../UnrealEngineProjects/Liza_En_Bar_23092020/Content/AnimStarterPack/Death_3.uasset" 42
"../../../../../../UnrealEngineProjects/Liza_En_Bar_23092020/Content/AnimStarterPack/Death_Ironsights_1.uasset" 43
"../../../../../../UnrealEngineProjects/Liza_En_Bar_23092020/Content/AnimStarterPack/Death_Ironsights_2.uasset" 44
"../../../../../../UnrealEngineProjects/Liza_En_Bar_23092020/Content/AnimStarterPack/Equip_Rifle_Standing.uasset" 45
"../../../../../../UnrealEngineProjects/Liza_En_Bar_23092020/Content/AnimStarterPack/Fire_Rifle_Hip.uasset" 46
"../../../../../../UnrealEngineProjects/Liza_En_Bar_23092020/Content/AnimStarterPack/Fire_Shotgun_Ironsights.uasset" 47
"../../../../../../UnrealEngineProjects/Liza_En_Bar_23092020/Content/AnimStarterPack/Hit_React_4.uasset" 48
"../../../../../../UnrealEngineProjects/Liza_En_Bar_23092020/Content/AnimStarterPack/Idle_Pistol.uasset" 49
"../../../../../../UnrealEngineProjects/Liza_En_Bar_23092020/Content/AnimStarterPack/Idle_Rifle_Ironsights.uasset" 50
"../../../../../../UnrealEngineProjects/Liza_En_Bar_23092020/Content/AnimStarterPack/Jump_From_Stand_Ironsights.uasset" 51
"../../../../../../UnrealEngineProjects/Liza_En_Bar_23092020/Content/AnimStarterPack/Prone_Death_1.uasset" 52
"../../../../../../UnrealEngineProjects/Liza_En_Bar_23092020/Content/AnimStarterPack/Prone_Death_2.uasset" 53
"../../../../../../UnrealEngineProjects/Liza_En_Bar_23092020/Content/AnimStarterPack/Prone_Fire_1.uasset" 54
"../../../../../../UnrealEngineProjects/Liza_En_Bar_23092020/Content/AnimStarterPack/Prone_Fire_2.uasset" 55
"../../../../../../UnrealEngineProjects/Liza_En_Bar_23092020/Content/AnimStarterPack/Prone_Idle.uasset" 56
"../../../../../../UnrealEngineProjects/Liza_En_Bar_23092020/Content/AnimStarterPack/Prone_Reload_Rifle.uasset" 57
"../../../../../../UnrealEngineProjects/Liza_En_Bar_23092020/Content/AnimStarterPack/Prone_Reload_Shotgun.uasset" 58
"../../../../../../UnrealEngineProjects/Liza_En_Bar_23092020/Content/AnimStarterPack/Prone_To_Stand.uasset" 59
"../../../../../../UnrealEngineProjects/Liza_En_Bar_23092020/Content/AnimStarterPack/Reload_Pistol.uasset" 60
"../../../../../../UnrealEngineProjects/Liza_En_Bar_23092020/Content/AnimStarterPack/Reload_Rifle_Ironsights.uasset" 61
"../../../../../../UnrealEngineProjects/Liza_En_Bar_23092020/Content/AnimStarterPack/Reload_Shotgun_Hip.uasset" 62
"../../../../../../UnrealEngineProjects/Liza_En_Bar_23092020/Content/AnimStarterPack/Reload_Shotgun_Ironsights.uasset" 63
"../../../../../../UnrealEngineProjects/Liza_En_Bar_23092020/Content/AnimStarterPack/Sprint_Fwd_Rifle.uasset" 64
"../../../../../../UnrealEngineProjects/Liza_En_Bar_23092020/Content/AnimStarterPack/Stand_to_Crouch_Rifle_Hip.uasset" 65
"../../../../../../UnrealEngineProjects/Liza_En_Bar_23092020/Content/AnimStarterPack/Stand_to_Crouch_Rifle_Ironsights.uasset" 66
"../../../../../../UnrealEngineProjects/Liza_En_Bar_23092020/Content/AnimStarterPack/Stand_To_Prone.uasset" 67
"../../../../../../UnrealEngineProjects/Liza_En_Bar_23092020/Content/AnimStarterPack/Walk_Bwd_Rifle_Ironsights.uasset" 68
"../../../../../../UnrealEngineProjects/Liza_En_Bar_23092020/Content/AnimStarterPack/Walk_Lt_Rifle_Ironsights.uasset" 69
"../../../../../../UnrealEngineProjects/Liza_En_Bar_23092020/Content/AnimStarterPack/Walk_Rt_Rifle_Ironsights.uasset" 70
"../../../Engine/Content/Functions/Engine_MaterialFunctions02/Utility/BlendAngleCorrectedNormals.uasset" 71
"../../../Engine/Content/Functions/MaterialLayerFunctions/MatLayerBlend_AO.uasset" 72
"../../../Engine/Content/Functions/MaterialLayerFunctions/MatLayerBlend_NormalBlend.uasset" 73
"../../../Engine/Content/Functions/MaterialLayerFunctions/MatLayerBlend_Simple.uasset" 74
"../../../../../../UnrealEngineProjects/Liza_En_Bar_23092020/Content/AnimStarterPack/UE4_Mannequin/Materials/MaterialLayers/T_ML_Rubber_Blue_01_D.uasset" 75
"../../../../../../UnrealEngineProjects/Liza_En_Bar_23092020/Content/AnimStarterPack/UE4_Mannequin/Materials/MaterialLayers/T_ML_Rubber_Blue_01_N.uasset" 76
"../../../../../../UnrealEngineProjects/Liza_En_Bar_23092020/Content/AnimStarterPack/UE4_Mannequin/Materials/MaterialLayers/ML_GlossyBlack_Latex_UE4.uasset" 77
"../../../../../../UnrealEngineProjects/Liza_En_Bar_23092020/Content/AnimStarterPack/UE4_Mannequin/Materials/MaterialLayers/ML_Plastic_Shiny_Beige.uasset" 78
"../../../../../../UnrealEngineProjects/Liza_En_Bar_23092020/Content/AnimStarterPack/UE4_Mannequin/Textures/UE4_LOGO_CARD.uasset" 79
"../../../../../../UnrealEngineProjects/Liza_En_Bar_23092020/Content/AnimStarterPack/UE4_Mannequin/Materials/MaterialLayers/ML_Plastic_Shiny_Beige_LOGO.uasset" 80
"../../../../../../UnrealEngineProjects/Liza_En_Bar_23092020/Content/AnimStarterPack/UE4_Mannequin/Materials/MaterialLayers/T_ML_Aluminum01.uasset" 81
"../../../../../../UnrealEngineProjects/Liza_En_Bar_23092020/Content/AnimStarterPack/UE4_Mannequin/Materials/MaterialLayers/T_ML_Aluminum01_N.uasset" 82
"../../../../../../UnrealEngineProjects/Liza_En_Bar_23092020/Content/AnimStarterPack/UE4_Mannequin/Materials/MaterialLayers/ML_SoftMetal_UE4.uasset" 83
"../../../../../../UnrealEngineProjects/Liza_En_Bar_23092020/Content/AnimStarterPack/UE4_Mannequin/Textures/UE4_Mannequin__normals.uasset" 84
"../../../../../../UnrealEngineProjects/Liza_En_Bar_23092020/Content/AnimStarterPack/UE4_Mannequin/Textures/UE4_Mannequin_MAT_MASKA.uasset" 85
"../../../../../../UnrealEngineProjects/Liza_En_Bar_23092020/Content/AnimStarterPack/UE4_Mannequin/Textures/UE4_Mannequin_occlusion_Mobile.uasset" 86
"../../../../../../UnrealEngineProjects/Liza_En_Bar_23092020/Content/AnimStarterPack/UE4_Mannequin/Materials/M_UE4Man_Body.uasset" 87
"../../../../../../UnrealEngineProjects/Liza_En_Bar_23092020/Content/AnimStarterPack/UE4_Mannequin/Textures/UE4Man_Logo_N.uasset" 88
"../../../../../../UnrealEngineProjects/Liza_En_Bar_23092020/Content/AnimStarterPack/UE4_Mannequin/Materials/M_UE4Man_ChestLogo.uasset" 89
"../../../Engine/Content/EditorBlueprintResources/StandardMacros.uasset" 90
"../../../../../../UnrealEngineProjects/Liza_En_Bar_23092020/Content/StandartContent/StarterContent/Materials/M_AssetPlatform.uasset" 91
"../../../../../../UnrealEngineProjects/Liza_En_Bar_23092020/Content/StandartContent/StarterContent/Architecture/SM_AssetPlatform.uasset" 92
"../../../../../../UnrealEngineProjects/Liza_En_Bar_23092020/Content/Gamecore/Damage/VoidZone.uasset" 93
"../../../../../../UnrealEngineProjects/Liza_En_Bar_23092020/Content/Gamecore/VoidZone.uasset" 94
"../../../../../../UnrealEngineProjects/Liza_En_Bar_23092020/Content/AnimStarterPack/Idle_Rifle_Hip.uasset" 95
"../../../../../../UnrealEngineProjects/Liza_En_Bar_23092020/Content/AnimStarterPack/Jog_Fwd_Rifle.uasset" 96
"../../../../../../UnrealEngineProjects/Liza_En_Bar_23092020/Content/AnimStarterPack/Jump_From_Stand.uasset" 97
"../../../../../../UnrealEngineProjects/Liza_En_Bar_23092020/Content/AnimStarterPack/Crouch_Idle_Rifle_Ironsights.uasset" 98
"../../../../../../UnrealEngineProjects/Liza_En_Bar_23092020/Content/AnimStarterPack/Crouch_Walk_Bwd_Rifle_Ironsights.uasset" 99
"../../../../../../UnrealEngineProjects/Liza_En_Bar_23092020/Content/AnimStarterPack/Crouch_Walk_Fwd_Rifle_Ironsights.uasset" 100
"../../../../../../UnrealEngineProjects/Liza_En_Bar_23092020/Content/AnimStarterPack/Crouch_Walk_Lt_Rifle_Ironsights.uasset" 101
"../../../../../../UnrealEngineProjects/Liza_En_Bar_23092020/Content/AnimStarterPack/Crouch_Walk_Rt_Rifle_Ironsights.uasset" 102
"../../../../../../UnrealEngineProjects/Liza_En_Bar_23092020/Content/Gamecore/Animation/CrouchLocomotionBS1.uasset" 103
"../../../../../../UnrealEngineProjects/Liza_En_Bar_23092020/Content/AnimStarterPack/Jog_Bwd_Rifle.uasset" 104
"../../../../../../UnrealEngineProjects/Liza_En_Bar_23092020/Content/AnimStarterPack/Jog_Lt_Rifle.uasset" 105
"../../../../../../UnrealEngineProjects/Liza_En_Bar_23092020/Content/AnimStarterPack/Jog_Rt_Rifle.uasset" 106
"../../../../../../UnrealEngineProjects/Liza_En_Bar_23092020/Content/Gamecore/Animation/LocomotionBS.uasset" 107
"../../../../../../UnrealEngineProjects/Liza_En_Bar_23092020/Content/Gamecore/Animation/MainAnimBP.uasset" 108
"../../../../../../UnrealEngineProjects/Liza_En_Bar_23092020/Content/AnimStarterPack/Fire_Shotgun_Hip.uasset" 109
"../../../../../../UnrealEngineProjects/Liza_En_Bar_23092020/Content/AnimStarterPack/FireWeapon.uasset" 110
"../../../../../../UnrealEngineProjects/Liza_En_Bar_23092020/Content/AnimStarterPack/Hit_React_1.uasset" 111
"../../../../../../UnrealEngineProjects/Liza_En_Bar_23092020/Content/AnimStarterPack/REactHitWeapon.uasset" 112
"../../../../../../UnrealEngineProjects/Liza_En_Bar_23092020/Content/StandartContent/FirstPerson/Meshes/BaseMaterial.uasset" 113
"../../../../../../UnrealEngineProjects/Liza_En_Bar_23092020/Content/StandartContent/FirstPerson/Meshes/FirstPersonProjectileMaterial.uasset" 114
"../../../../../../UnrealEngineProjects/Liza_En_Bar_23092020/Content/StandartContent/FirstPerson/Meshes/FirstPersonProjectileMesh.uasset" 115
"../../../../../../UnrealEngineProjects/Liza_En_Bar_23092020/Content/Gamecore/Interact/InteractBase.uasset" 116
"../../../../../../UnrealEngineProjects/Liza_En_Bar_23092020/Content/StandartContent/Vehicle/Sedan/Materials/M_Vehicle_Sedan.uasset" 117
"../../../../../../UnrealEngineProjects/Liza_En_Bar_23092020/Content/StandartContent/Vehicle/Sedan/Materials/M_Vehicle_Sedan_Inst_TailLights.uasset" 118
"../../../../../../UnrealEngineProjects/Liza_En_Bar_23092020/Content/StandartContent/StarterContent/Audio/Explosion_Cue.uasset" 119
"../../../../../../UnrealEngineProjects/Liza_En_Bar_23092020/Content/StandartContent/StarterContent/Textures/T_Burst_M.uasset" 120
"../../../../../../UnrealEngineProjects/Liza_En_Bar_23092020/Content/StandartContent/StarterContent/Particles/Materials/M_Burst.uasset" 121
"../../../../../../UnrealEngineProjects/Liza_En_Bar_23092020/Content/StandartContent/StarterContent/Textures/T_Explosion_SubUV.uasset" 122
"../../../../../../UnrealEngineProjects/Liza_En_Bar_23092020/Content/StandartContent/StarterContent/Particles/Materials/M_explosion_subUV.uasset" 123
"../../../../../../UnrealEngineProjects/Liza_En_Bar_23092020/Content/StandartContent/StarterContent/Particles/Materials/m_flare_01.uasset" 124
"../../../Engine/Content/Functions/Engine_MaterialFunctions01/Gradient/RadialGradient.uasset" 125
"../../../../../../UnrealEngineProjects/Liza_En_Bar_23092020/Content/StandartContent/StarterContent/Particles/Materials/M_radial_ramp.uasset" 126
"../../../../../../UnrealEngineProjects/Liza_En_Bar_23092020/Content/StandartContent/StarterContent/Textures/T_Smoke_SubUV.uasset" 127
"../../../../../../UnrealEngineProjects/Liza_En_Bar_23092020/Content/StandartContent/StarterContent/Textures/T_Smoke_Tiled_D.uasset" 128
"../../../../../../UnrealEngineProjects/Liza_En_Bar_23092020/Content/StandartContent/StarterContent/Particles/Materials/M_smoke_subUV.uasset" 129
"../../../../../../UnrealEngineProjects/Liza_En_Bar_23092020/Content/StandartContent/StarterContent/Particles/P_Explosion.uasset" 130
"../../../../../../UnrealEngineProjects/Liza_En_Bar_23092020/Content/Gamecore/Interact/BulletBase.uasset" 131
"../../../../../../UnrealEngineProjects/Liza_En_Bar_23092020/Content/StandartContent/StarterContent/Textures/T_Lamp_M.uasset" 132
"../../../../../../UnrealEngineProjects/Liza_En_Bar_23092020/Content/StandartContent/StarterContent/Textures/T_Lamp_N.uasset" 133
"../../../../../../UnrealEngineProjects/Liza_En_Bar_23092020/Content/StandartContent/StarterContent/Props/Materials/M_Lamp.uasset" 134
"../../../../../../UnrealEngineProjects/Liza_En_Bar_23092020/Content/StandartContent/FirstPerson/FPWeapon/Materials/MaterialLayers/T_ML_Rubber_Blue_01_D.uasset" 135
"../../../../../../UnrealEngineProjects/Liza_En_Bar_23092020/Content/StandartContent/FirstPerson/FPWeapon/Materials/MaterialLayers/T_ML_Rubber_Blue_01_N.uasset" 136
"../../../../../../UnrealEngineProjects/Liza_En_Bar_23092020/Content/StandartContent/FirstPerson/FPWeapon/Materials/MaterialLayers/ML_GlossyBlack_Latex_UE4.uasset" 137
"../../../../../../UnrealEngineProjects/Liza_En_Bar_23092020/Content/StandartContent/FirstPerson/FPWeapon/Materials/MaterialLayers/ML_Plastic_Shiny_Beige.uasset" 138
"../../../../../../UnrealEngineProjects/Liza_En_Bar_23092020/Content/StandartContent/FirstPerson/FPWeapon/Materials/MaterialLayers/ML_Screen.uasset" 139
"../../../../../../UnrealEngineProjects/Liza_En_Bar_23092020/Content/StandartContent/FirstPerson/FPWeapon/Materials/MaterialLayers/T_ML_Aluminum01.uasset" 140
"../../../../../../UnrealEngineProjects/Liza_En_Bar_23092020/Content/StandartContent/FirstPerson/FPWeapon/Materials/MaterialLayers/T_ML_Aluminum01_N.uasset" 141
"../../../../../../UnrealEngineProjects/Liza_En_Bar_23092020/Content/StandartContent/FirstPerson/FPWeapon/Materials/MaterialLayers/ML_SoftMetal_UE4.uasset" 142
"../../../../../../UnrealEngineProjects/Liza_En_Bar_23092020/Content/StandartContent/FirstPerson/FPWeapon/Textures/T_FPGun_M.uasset" 143
"../../../../../../UnrealEngineProjects/Liza_En_Bar_23092020/Content/StandartContent/FirstPerson/FPWeapon/Textures/T_FPGun_N.uasset" 144
"../../../../../../UnrealEngineProjects/Liza_En_Bar_23092020/Content/StandartContent/FirstPerson/FPWeapon/Materials/M_FPGun.uasset" 145
"../../../../../../UnrealEngineProjects/Liza_En_Bar_23092020/Content/Gamecore/Interact/SK_FPGun.uasset" 146
"../../../../../../UnrealEngineProjects/Liza_En_Bar_23092020/Content/Gamecore/Interact/WeaponBase.uasset" 147
"../../../../../../UnrealEngineProjects/Liza_En_Bar_23092020/Content/StandartContent/StarterContent/Textures/T_Shelf_M.uasset" 148
"../../../../../../UnrealEngineProjects/Liza_En_Bar_23092020/Content/StandartContent/StarterContent/Textures/T_Shelf_N.uasset" 149
"../../../../../../UnrealEngineProjects/Liza_En_Bar_23092020/Content/StandartContent/StarterContent/Props/Materials/M_Shelf.uasset" 150
"../../../../../../UnrealEngineProjects/Liza_En_Bar_23092020/Content/AnimStarterPack/UE4_Mannequin/Mesh/SK_Mannequin_PhysicsAsset.uasset" 151
"../../../../../../UnrealEngineProjects/Liza_En_Bar_23092020/Content/AnimStarterPack/UE4_Mannequin/Mesh/SK_Mannequin.uasset" 152
"../../../../../../UnrealEngineProjects/Liza_En_Bar_23092020/Content/Gamecore/AI/TeamEnemy.uasset" 153
"../../../../../../UnrealEngineProjects/Liza_En_Bar_23092020/Content/Gamecore/Character/MainCharacter.uasset" 154
"../../../../../../UnrealEngineProjects/Liza_En_Bar_23092020/Content/Gamecore/Character/Base.uasset" 155
"../../../../../../UnrealEngineProjects/Liza_En_Bar_23092020/Content/StandartContent/Mannequin/Character/Mesh/UE4_Mannequin_Skeleton.uasset" 156
"../../../../../../UnrealEngineProjects/Liza_En_Bar_23092020/Content/StandartContent/Mannequin/Animations/ThirdPersonIdle.uasset" 157
"../../../../../../UnrealEngineProjects/Liza_En_Bar_23092020/Content/StandartContent/Mannequin/Animations/ThirdPersonRun.uasset" 158
"../../../../../../UnrealEngineProjects/Liza_En_Bar_23092020/Content/StandartContent/Mannequin/Animations/ThirdPersonWalk.uasset" 159
"../../../../../../UnrealEngineProjects/Liza_En_Bar_23092020/Content/StandartContent/Mannequin/Animations/ThirdPerson_IdleRun_2D.uasset" 160
"../../../../../../UnrealEngineProjects/Liza_En_Bar_23092020/Content/StandartContent/Vehicle/Meshes/BaseMaterial.uasset" 161
"../../../../../../UnrealEngineProjects/Liza_En_Bar_23092020/Content/StandartContent/Vehicle/Sedan/Materials/M_Vehicle_Sedan_Inst_Tires.uasset" 162
"../../../../../../UnrealEngineProjects/Liza_En_Bar_23092020/Content/Gamecore/Character/Nataha.uasset" 163
"../../../../../../UnrealEngineProjects/Liza_En_Bar_23092020/Content/Gamecore/Character/Base_Child1.uasset" 164
"../../../../../../UnrealEngineProjects/Liza_En_Bar_23092020/Content/StandartContent/StarterContent/Textures/T_Perlin_Noise_M.uasset" 165
"../../../../../../UnrealEngineProjects/Liza_En_Bar_23092020/Content/StandartContent/StarterContent/Textures/T_Wood_Pine_D.uasset" 166
"../../../../../../UnrealEngineProjects/Liza_En_Bar_23092020/Content/StandartContent/StarterContent/Textures/T_Wood_Pine_N.uasset" 167
"../../../../../../UnrealEngineProjects/Liza_En_Bar_23092020/Content/StandartContent/StarterContent/Materials/M_Wood_Pine.uasset" 168
"../../../../../../UnrealEngineProjects/Liza_En_Bar_23092020/Content/StandartContent/Vehicle/Meshes/WhiteMaterial.uasset" 169
"../../../../../../UnrealEngineProjects/Liza_En_Bar_23092020/Content/Gamecore/Character/Maha.uasset" 170
"../../../../../../UnrealEngineProjects/Liza_En_Bar_23092020/Content/Gamecore/AI/CustomTP.uasset" 171
"../../../../../../UnrealEngineProjects/Liza_En_Bar_23092020/Content/Gamecore/AI/MainAI.uasset" 172
"../../../../../../UnrealEngineProjects/Liza_En_Bar_23092020/Content/StandartContent/Vehicle/Sedan/Materials/M_Vehicle_Sedan_Inst_Paint.uasset" 173
"../../../../../../UnrealEngineProjects/Liza_En_Bar_23092020/Content/Gamecore/AI/MahaBot.uasset" 174
"../../../../../../UnrealEngineProjects/Liza_En_Bar_23092020/Content/Gamecore/Character/MahaBot.uasset" 175
"../../../../../../UnrealEngineProjects/Liza_En_Bar_23092020/Content/Gamecore/Interact/DamageZone.uasset" 176
"../../../../../../UnrealEngineProjects/Liza_En_Bar_23092020/Content/StandartContent/StarterContent/Textures/T_Water_N.uasset" 177
"../../../../../../UnrealEngineProjects/Liza_En_Bar_23092020/Content/Gamecore/Interact/HealthGreen.uasset" 178
"../../../../../../UnrealEngineProjects/Liza_En_Bar_23092020/Content/Gamecore/Interact/M_FPGun.uasset" 179
"../../../../../../UnrealEngineProjects/Liza_En_Bar_23092020/Content/Gamecore/Interact/PhysWeapon.uasset" 180
"../../../../../../UnrealEngineProjects/Liza_En_Bar_23092020/Content/Gamecore/Interact/PhysHandle.uasset" 181
"../../../../../../UnrealEngineProjects/Liza_En_Bar_23092020/Content/Gamecore/UIX/MainWindow.uasset" 182
"../../../../../../UnrealEngineProjects/Liza_En_Bar_23092020/Content/Gamecore/Main/MainController.uasset" 183
"../../../../../../UnrealEngineProjects/Liza_En_Bar_23092020/Content/Gamecore/Main/MainGameMode.uasset" 184
"../../../../../../UnrealEngineProjects/Liza_En_Bar_23092020/Content/GoodSky/Source/Textures/T_GoodSky_noise_smooth.uasset" 185
"../../../../../../UnrealEngineProjects/Liza_En_Bar_23092020/Content/GoodSky/Source/Materials/Material_Function/MF_GoodSky_LightningFlick.uasset" 186
"../../../../../../UnrealEngineProjects/Liza_En_Bar_23092020/Content/GoodSky/Source/Materials/Light_Function/M_GoodSky_StormLightning_LightFunction.uasset" 187
"../../../Engine/Content/EngineMaterials/WeightMapPlaceholderTexture.uasset" 188
"../../../../../../UnrealEngineProjects/Liza_En_Bar_23092020/Content/StandartContent/StarterContent/Textures/T_Concrete_Grime_D.uasset" 189
"../../../../../../UnrealEngineProjects/Liza_En_Bar_23092020/Content/StandartContent/StarterContent/Textures/T_ground_Moss_D.uasset" 190
"../../../../../../UnrealEngineProjects/Liza_En_Bar_23092020/Content/StandartContent/StarterContent/Textures/T_Ground_Moss_N.uasset" 191
"../../../../../../UnrealEngineProjects/Liza_En_Bar_23092020/Content/StandartContent/StarterContent/Textures/T_Metal_Rust_N.uasset" 192
"../../../../../../UnrealEngineProjects/Liza_En_Bar_23092020/Content/StandartContent/StarterContent/Textures/T_Rock_Sandstone_D.uasset" 193
"../../../../../../UnrealEngineProjects/Liza_En_Bar_23092020/Content/StandartContent/StarterContent/Textures/T_Rock_Sandstone_N.uasset" 194
"../../../../../../UnrealEngineProjects/Liza_En_Bar_23092020/Content/Levels/LandscapeMat.uasset" 195
"../../../../../../UnrealEngineProjects/Liza_En_Bar_23092020/Content/StandartContent/FirstPerson/Character/Mesh/SK_Mannequin_Arms_Skeleton.uasset" 196
"../../../../../../UnrealEngineProjects/Liza_En_Bar_23092020/Content/StandartContent/FirstPerson/Animations/FirstPerson_Fire.uasset" 197
"../../../../../../UnrealEngineProjects/Liza_En_Bar_23092020/Content/StandartContent/FirstPerson/Animations/FirstPersonFire_Montage.uasset" 198
"../../../../../../UnrealEngineProjects/Liza_En_Bar_23092020/Content/StandartContent/FirstPerson/Animations/FirstPerson_Idle.uasset" 199
"../../../../../../UnrealEngineProjects/Liza_En_Bar_23092020/Content/StandartContent/FirstPerson/Animations/FirstPerson_JumpEnd.uasset" 200
"../../../../../../UnrealEngineProjects/Liza_En_Bar_23092020/Content/StandartContent/FirstPerson/Animations/FirstPerson_JumpLoop.uasset" 201
"../../../../../../UnrealEngineProjects/Liza_En_Bar_23092020/Content/StandartContent/FirstPerson/Animations/FirstPerson_JumpStart.uasset" 202
"../../../../../../UnrealEngineProjects/Liza_En_Bar_23092020/Content/StandartContent/FirstPerson/Animations/FirstPerson_Run.uasset" 203
"../../../../../../UnrealEngineProjects/Liza_En_Bar_23092020/Content/StandartContent/FirstPerson/Animations/FirstPerson_AnimBP.uasset" 204
"../../../../../../UnrealEngineProjects/Liza_En_Bar_23092020/Content/StandartContent/FirstPerson/Audio/FirstPersonTemplateWeaponFire02.uasset" 205
"../../../../../../UnrealEngineProjects/Liza_En_Bar_23092020/Content/StandartContent/FirstPerson/Character/Materials/MaterialLayers/T_ML_Rubber_Blue_01_D.uasset" 206
"../../../../../../UnrealEngineProjects/Liza_En_Bar_23092020/Content/StandartContent/FirstPerson/Character/Materials/MaterialLayers/T_ML_Rubber_Blue_01_N.uasset" 207
"../../../../../../UnrealEngineProjects/Liza_En_Bar_23092020/Content/StandartContent/FirstPerson/Character/Materials/MaterialLayers/ML_GlossyBlack_Latex_UE4.uasset" 208
"../../../../../../UnrealEngineProjects/Liza_En_Bar_23092020/Content/StandartContent/FirstPerson/Character/Materials/MaterialLayers/ML_Plastic_Shiny_Beige.uasset" 209
"../../../../../../UnrealEngineProjects/Liza_En_Bar_23092020/Content/StandartContent/FirstPerson/Character/Textures/UE4_LOGO_CARD.uasset" 210
"../../../../../../UnrealEngineProjects/Liza_En_Bar_23092020/Content/StandartContent/FirstPerson/Character/Materials/MaterialLayers/ML_Plastic_Shiny_Beige_LOGO.uasset" 211
"../../../../../../UnrealEngineProjects/Liza_En_Bar_23092020/Content/StandartContent/FirstPerson/Character/Materials/MaterialLayers/T_ML_Aluminum01.uasset" 212
"../../../../../../UnrealEngineProjects/Liza_En_Bar_23092020/Content/StandartContent/FirstPerson/Character/Materials/MaterialLayers/T_ML_Aluminum01_N.uasset" 213
"../../../../../../UnrealEngineProjects/Liza_En_Bar_23092020/Content/StandartContent/FirstPerson/Character/Materials/MaterialLayers/ML_SoftMetal_UE4.uasset" 214
"../../../../../../UnrealEngineProjects/Liza_En_Bar_23092020/Content/StandartContent/FirstPerson/Character/Textures/UE4_Mannequin__normals.uasset" 215
"../../../../../../UnrealEngineProjects/Liza_En_Bar_23092020/Content/StandartContent/FirstPerson/Character/Textures/UE4_Mannequin_MAT_MASKA.uasset" 216
"../../../../../../UnrealEngineProjects/Liza_En_Bar_23092020/Content/StandartContent/FirstPerson/Character/Materials/M_UE4Man_Body.uasset" 217
"../../../../../../UnrealEngineProjects/Liza_En_Bar_23092020/Content/StandartContent/FirstPerson/Character/Mesh/SK_Mannequin_Arms_PhysicsAsset.uasset" 218
"../../../../../../UnrealEngineProjects/Liza_En_Bar_23092020/Content/StandartContent/FirstPerson/Character/Mesh/SK_Mannequin_Arms.uasset" 219
"../../../../../../UnrealEngineProjects/Liza_En_Bar_23092020/Content/StandartContent/FirstPerson/FPWeapon/Materials/MaterialLayers/ML_Plastic_Shiny_Beige_LOGO.uasset" 220
"../../../../../../UnrealEngineProjects/Liza_En_Bar_23092020/Content/StandartContent/FirstPerson/FPWeapon/Materials/MaterialLayers/T_ML_FineRubber.uasset" 221
"../../../../../../UnrealEngineProjects/Liza_En_Bar_23092020/Content/StandartContent/FirstPerson/FPWeapon/Mesh/SK_FPGun_Skeleton.uasset" 222
"../../../../../../UnrealEngineProjects/Liza_En_Bar_23092020/Content/StandartContent/FirstPerson/FPWeapon/Mesh/SK_FPGun.uasset" 223
"../../../../../../UnrealEngineProjects/Liza_En_Bar_23092020/Content/StandartContent/FirstPerson/FPWeapon/Mesh/SK_FPGun_PhysicsAsset.uasset" 224
"../../../../../../UnrealEngineProjects/Liza_En_Bar_23092020/Content/StandartContent/FirstPerson/Meshes/CubeMaterialOverride.uasset" 225
"../../../../../../UnrealEngineProjects/Liza_En_Bar_23092020/Content/StandartContent/FirstPerson/Textures/FirstPersonCrosshair.uasset" 226
"../../../../../../UnrealEngineProjects/Liza_En_Bar_23092020/Content/StandartContent/FirstPersonBP/FirstPersonOverview.uasset" 227
"../../../../../../UnrealEngineProjects/Liza_En_Bar_23092020/Content/StandartContent/FirstPersonBP/Blueprints/FirstPersonCharacter.uasset" 228
"../../../../../../UnrealEngineProjects/Liza_En_Bar_23092020/Content/StandartContent/FirstPersonBP/Blueprints/FirstPersonHUD.uasset" 229
"../../../../../../UnrealEngineProjects/Liza_En_Bar_23092020/Content/StandartContent/FirstPersonBP/Blueprints/FirstPersonGameMode.uasset" 230
"../../../../../../UnrealEngineProjects/Liza_En_Bar_23092020/Content/StandartContent/Mannequin/Animations/ThirdPersonJump_End.uasset" 231
"../../../../../../UnrealEngineProjects/Liza_En_Bar_23092020/Content/StandartContent/Mannequin/Animations/ThirdPerson_Jump.uasset" 232
"../../../../../../UnrealEngineProjects/Liza_En_Bar_23092020/Content/StandartContent/Mannequin/Animations/ThirdPersonJump_Loop.uasset" 233
"../../../../../../UnrealEngineProjects/Liza_En_Bar_23092020/Content/StandartContent/Mannequin/Animations/ThirdPersonJump_Start.uasset" 234
"../../../../../../UnrealEngineProjects/Liza_En_Bar_23092020/Content/StandartContent/Mannequin/Animations/ThirdPerson_AnimBP.uasset" 235
"../../../../../../UnrealEngineProjects/Liza_En_Bar_23092020/Content/StandartContent/Mannequin/Character/Materials/MaterialLayers/T_ML_Rubber_Blue_01_D.uasset" 236
"../../../../../../UnrealEngineProjects/Liza_En_Bar_23092020/Content/StandartContent/Mannequin/Character/Materials/MaterialLayers/T_ML_Rubber_Blue_01_N.uasset" 237
"../../../../../../UnrealEngineProjects/Liza_En_Bar_23092020/Content/StandartContent/Mannequin/Character/Materials/MaterialLayers/ML_GlossyBlack_Latex_UE4.uasset" 238
"../../../../../../UnrealEngineProjects/Liza_En_Bar_23092020/Content/StandartContent/Mannequin/Character/Materials/MaterialLayers/ML_Plastic_Shiny_Beige.uasset" 239
"../../../../../../UnrealEngineProjects/Liza_En_Bar_23092020/Content/StandartContent/Mannequin/Character/Textures/UE4_LOGO_CARD.uasset" 240
"../../../../../../UnrealEngineProjects/Liza_En_Bar_23092020/Content/StandartContent/Mannequin/Character/Materials/MaterialLayers/ML_Plastic_Shiny_Beige_LOGO.uasset" 241
"../../../../../../UnrealEngineProjects/Liza_En_Bar_23092020/Content/StandartContent/Mannequin/Character/Materials/MaterialLayers/T_ML_Aluminum01.uasset" 242
"../../../../../../UnrealEngineProjects/Liza_En_Bar_23092020/Content/StandartContent/Mannequin/Character/Materials/MaterialLayers/T_ML_Aluminum01_N.uasset" 243
"../../../../../../UnrealEngineProjects/Liza_En_Bar_23092020/Content/StandartContent/Mannequin/Character/Materials/MaterialLayers/ML_SoftMetal_UE4.uasset" 244
"../../../../../../UnrealEngineProjects/Liza_En_Bar_23092020/Content/StandartContent/Mannequin/Character/Textures/UE4_Mannequin__normals.uasset" 245
"../../../../../../UnrealEngineProjects/Liza_En_Bar_23092020/Content/StandartContent/Mannequin/Character/Textures/UE4_Mannequin_MAT_MASKA.uasset" 246
"../../../../../../UnrealEngineProjects/Liza_En_Bar_23092020/Content/StandartContent/Mannequin/Character/Materials/M_UE4Man_Body.uasset" 247
"../../../../../../UnrealEngineProjects/Liza_En_Bar_23092020/Content/StandartContent/Mannequin/Character/Textures/UE4Man_Logo_N.uasset" 248
"../../../../../../UnrealEngineProjects/Liza_En_Bar_23092020/Content/StandartContent/Mannequin/Character/Materials/M_UE4Man_ChestLogo.uasset" 249
"../../../../../../UnrealEngineProjects/Liza_En_Bar_23092020/Content/StandartContent/Mannequin/Character/Mesh/SK_Mannequin_PhysicsAsset.uasset" 250
"../../../../../../UnrealEngineProjects/Liza_En_Bar_23092020/Content/StandartContent/Mannequin/Character/Mesh/SK_Mannequin.uasset" 251
"../../../../../../UnrealEngineProjects/Liza_En_Bar_23092020/Content/StandartContent/StarterContent/Materials/M_Basic_Wall.uasset" 252
"../../../../../../UnrealEngineProjects/Liza_En_Bar_23092020/Content/StandartContent/StarterContent/Architecture/Pillar_50x500.uasset" 253
"../../../../../../UnrealEngineProjects/Liza_En_Bar_23092020/Content/StandartContent/StarterContent/Architecture/Wall_400x400.uasset" 254
"../../../../../../UnrealEngineProjects/Liza_En_Bar_23092020/Content/StandartContent/StarterContent/Architecture/Wall_500x500.uasset" 255
"../../../../../../UnrealEngineProjects/Liza_En_Bar_23092020/Content/StandartContent/StarterContent/Architecture/Wall_Door_400x400.uasset" 256
"../../../../../../UnrealEngineProjects/Liza_En_Bar_23092020/Content/StandartContent/StarterContent/Architecture/Wall_Window_400x400.uasset" 257
"../../../../../../UnrealEngineProjects/Liza_En_Bar_23092020/Content/StandartContent/StarterContent/Audio/Collapse01.uasset" 258
"../../../../../../UnrealEngineProjects/Liza_En_Bar_23092020/Content/StandartContent/StarterContent/Audio/Collapse02.uasset" 259
"../../../../../../UnrealEngineProjects/Liza_En_Bar_23092020/Content/StandartContent/StarterContent/Audio/Explosion01.uasset" 260
"../../../../../../UnrealEngineProjects/Liza_En_Bar_23092020/Content/StandartContent/StarterContent/Audio/Explosion02.uasset" 261
"../../../../../../UnrealEngineProjects/Liza_En_Bar_23092020/Content/StandartContent/StarterContent/Audio/Light01.uasset" 262
"../../../../../../UnrealEngineProjects/Liza_En_Bar_23092020/Content/StandartContent/StarterContent/Audio/Light01_Cue.uasset" 263
"../../../../../../UnrealEngineProjects/Liza_En_Bar_23092020/Content/StandartContent/StarterContent/Audio/Light02.uasset" 264
"../../../../../../UnrealEngineProjects/Liza_En_Bar_23092020/Content/StandartContent/StarterContent/Audio/Light02_Cue.uasset" 265
"../../../../../../UnrealEngineProjects/Liza_En_Bar_23092020/Content/StandartContent/StarterContent/Blueprints/Blueprint_Effect_Explosion.uasset" 266
"../../../Engine/Content/EditorMeshes/ColorCalibrator/T_ColorGrid.uasset" 267
"../../../../../../UnrealEngineProjects/Liza_En_Bar_23092020/Content/StandartContent/StarterContent/Materials/M_ColorGrid_LowSpec.uasset" 268
"../../../../../../UnrealEngineProjects/Liza_En_Bar_23092020/Content/StandartContent/StarterContent/Textures/T_Bush_D.uasset" 269
"../../../../../../UnrealEngineProjects/Liza_En_Bar_23092020/Content/StandartContent/StarterContent/Textures/T_Bush_N.uasset" 270
"../../../../../../UnrealEngineProjects/Liza_En_Bar_23092020/Content/StandartContent/StarterContent/Props/Materials/M_Bush.uasset" 271
"../../../../../../UnrealEngineProjects/Liza_En_Bar_23092020/Content/StandartContent/StarterContent/Props/SM_Bush.uasset" 272
"../../../../../../UnrealEngineProjects/Liza_En_Bar_23092020/Content/StandartContent/StarterContent/Textures/T_Chair_M.uasset" 273
"../../../../../../UnrealEngineProjects/Liza_En_Bar_23092020/Content/StandartContent/StarterContent/Textures/T_Chair_N.uasset" 274
"../../../../../../UnrealEngineProjects/Liza_En_Bar_23092020/Content/StandartContent/StarterContent/Props/Materials/M_Chair.uasset" 275
"../../../../../../UnrealEngineProjects/Liza_En_Bar_23092020/Content/StandartContent/StarterContent/Props/SM_Couch.uasset" 276
"../../../../../../UnrealEngineProjects/Liza_En_Bar_23092020/Content/StandartContent/StarterContent/Textures/T_Detail_Rocky_N.uasset" 277
"../../../../../../UnrealEngineProjects/Liza_En_Bar_23092020/Content/StandartContent/StarterContent/Textures/T_Rock_Basalt_D.uasset" 278
"../../../../../../UnrealEngineProjects/Liza_En_Bar_23092020/Content/StandartContent/StarterContent/Textures/T_RockMesh_M.uasset" 279
"../../../../../../UnrealEngineProjects/Liza_En_Bar_23092020/Content/StandartContent/StarterContent/Textures/T_RockMesh_N.uasset" 280
"../../../../../../UnrealEngineProjects/Liza_En_Bar_23092020/Content/StandartContent/StarterContent/Props/Materials/M_Rock.uasset" 281
"../../../../../../UnrealEngineProjects/Liza_En_Bar_23092020/Content/StandartContent/StarterContent/Props/SM_Rock.uasset" 282
"../../../../../../UnrealEngineProjects/Liza_En_Bar_23092020/Content/StandartContent/StarterContent/Props/SM_Shelf.uasset" 283
"../../../../../../UnrealEngineProjects/Liza_En_Bar_23092020/Content/StandartContent/StarterContent/Materials/M_Basic_Floor.uasset" 284
"../../../../../../UnrealEngineProjects/Liza_En_Bar_23092020/Content/StandartContent/StarterContent/Props/SM_Stairs.uasset" 285
"../../../../../../UnrealEngineProjects/Liza_En_Bar_23092020/Content/StandartContent/StarterContent/Shapes/Shape_Cone.uasset" 286
"../../../../../../UnrealEngineProjects/Liza_En_Bar_23092020/Content/StandartContent/StarterContent/Shapes/Shape_Cylinder.uasset" 287
"../../../../../../UnrealEngineProjects/Liza_En_Bar_23092020/Content/StandartContent/StarterContent/Shapes/Shape_NarrowCapsule.uasset" 288
"../../../../../../UnrealEngineProjects/Liza_En_Bar_23092020/Content/StandartContent/StarterContent/Shapes/Shape_Pipe.uasset" 289
"../../../../../../UnrealEngineProjects/Liza_En_Bar_23092020/Content/StandartContent/StarterContent/Shapes/Shape_Pipe_180.uasset" 290
"../../../../../../UnrealEngineProjects/Liza_En_Bar_23092020/Content/StandartContent/StarterContent/Shapes/Shape_Pipe_90.uasset" 291
"../../../../../../UnrealEngineProjects/Liza_En_Bar_23092020/Content/StandartContent/StarterContent/Shapes/Shape_Plane.uasset" 292
"../../../../../../UnrealEngineProjects/Liza_En_Bar_23092020/Content/StandartContent/StarterContent/Shapes/Shape_Trim_90_Out.uasset" 293
"../../../../../../UnrealEngineProjects/Liza_En_Bar_23092020/Content/StandartContent/StarterContent/Shapes/Shape_TriPyramid.uasset" 294
"../../../../../../UnrealEngineProjects/Liza_En_Bar_23092020/Content/StandartContent/StarterContent/Shapes/Shape_Tube.uasset" 295
"../../../../../../UnrealEngineProjects/Liza_En_Bar_23092020/Content/StandartContent/StarterContent/Shapes/Shape_Wedge_A.uasset" 296
"../../../../../../UnrealEngineProjects/Liza_En_Bar_23092020/Content/StandartContent/StarterContent/Shapes/Shape_Wedge_B.uasset" 297
"../../../../../../UnrealEngineProjects/Liza_En_Bar_23092020/Content/StandartContent/StarterContent/Shapes/Shape_WideCapsule.uasset" 298
"../../../../../../UnrealEngineProjects/Liza_En_Bar_23092020/Content/StandartContent/ThirdPerson/Meshes/RampMaterial.uasset" 299
"../../../../../../UnrealEngineProjects/Liza_En_Bar_23092020/Content/StandartContent/ThirdPerson/Meshes/Bump_StaticMesh.uasset" 300
"../../../../../../UnrealEngineProjects/Liza_En_Bar_23092020/Content/StandartContent/ThirdPerson/Meshes/LeftArm_StaticMesh.uasset" 301
"../../../../../../UnrealEngineProjects/Liza_En_Bar_23092020/Content/StandartContent/ThirdPerson/Meshes/Linear_Stair_StaticMesh.uasset" 302
"../../../../../../UnrealEngineProjects/Liza_En_Bar_23092020/Content/StandartContent/ThirdPerson/Meshes/Ramp_StaticMesh.uasset" 303
"../../../../../../UnrealEngineProjects/Liza_En_Bar_23092020/Content/StandartContent/ThirdPerson/Meshes/RightArm_StaticMesh.uasset" 304
"../../../../../../UnrealEngineProjects/Liza_En_Bar_23092020/Content/StandartContent/ThirdPersonBP/ThirdPersonOverview.uasset" 305
"../../../../../../UnrealEngineProjects/Liza_En_Bar_23092020/Content/StandartContent/ThirdPersonBP/Blueprints/ThirdPersonCharacter.uasset" 306
"../../../../../../UnrealEngineProjects/Liza_En_Bar_23092020/Content/StandartContent/ThirdPersonBP/Blueprints/ThirdPersonGameMode.uasset" 307
"../../../../../../UnrealEngineProjects/Liza_En_Bar_23092020/Content/StandartContent/Vehicle/Meshes/GrayMaterial.uasset" 308
"../../../../../../UnrealEngineProjects/Liza_En_Bar_23092020/Content/StandartContent/Vehicle/Meshes/OrangeMaterial.uasset" 309
"../../../../../../UnrealEngineProjects/Liza_En_Bar_23092020/Content/StandartContent/Vehicle/Meshes/RoughTerrain_StaticMesh.uasset" 310
"../../../Engine/Content/MobileResources/HUD/VirtualJoystick_Thumb.uasset" 311
"../../../../../../UnrealEngineProjects/Liza_En_Bar_23092020/Content/StandartContent/Vehicle/Textures/VehicleJoystick_BackgroundL.uasset" 312
"../../../../../../UnrealEngineProjects/Liza_En_Bar_23092020/Content/StandartContent/Vehicle/Textures/VehicleJoystick_BackgroundR.uasset" 313
"../../../../../../UnrealEngineProjects/Liza_En_Bar_23092020/Content/StandartContent/Vehicle/Sedan/SedanVirtualJoysticks.uasset" 314
"../../../../../../UnrealEngineProjects/Liza_En_Bar_23092020/Content/StandartContent/Vehicle/Sedan/Sedan_Skeleton.uasset" 315
"../../../../../../UnrealEngineProjects/Liza_En_Bar_23092020/Content/StandartContent/Vehicle/Sedan/Sedan_AnimBP.uasset" 316
"../../../../../../UnrealEngineProjects/Liza_En_Bar_23092020/Content/StandartContent/Vehicle/Sedan/Sedan_PhysMat.uasset" 317
"../../../../../../UnrealEngineProjects/Liza_En_Bar_23092020/Content/StandartContent/Vehicle/Sedan/Materials/M_Vehicle_Sedan_Inst_Glass.uasset" 318
"../../../../../../UnrealEngineProjects/Liza_En_Bar_23092020/Content/StandartContent/Vehicle/Sedan/Materials/M_Vehicle_Sedan_Inst_Headlights.uasset" 319
"../../../../../../UnrealEngineProjects/Liza_En_Bar_23092020/Content/StandartContent/Vehicle/Sedan/Materials/M_Vehicle_Sedan_Inst_Plastic.uasset" 320
"../../../../../../UnrealEngineProjects/Liza_En_Bar_23092020/Content/StandartContent/Vehicle/Sedan/Materials/M_Vehicle_Sedan_Inst_Wheels.uasset" 321
"../../../../../../UnrealEngineProjects/Liza_En_Bar_23092020/Content/StandartContent/Vehicle/Sedan/Sedan_PhysicsAsset.uasset" 322
"../../../../../../UnrealEngineProjects/Liza_En_Bar_23092020/Content/StandartContent/Vehicle/Sedan/Sedan_SkelMesh.uasset" 323
"../../../../../../UnrealEngineProjects/Liza_En_Bar_23092020/Content/StandartContent/VehicleBP/VehicleOverview.uasset" 324
"../../../Engine/Content/Animation/DefaultAnimCurveCompressionSettings.uasset" 325
"../../../Engine/Content/ArtTools/RenderToTexture/Meshes/S_1_Unit_Plane.uasset" 326
"../../../Engine/Content/EngineMaterials/DefaultMaterial.uasset" 327
"../../../Engine/Content/BasicShapes/Cone.uasset" 328
"../../../Engine/Content/BasicShapes/Cylinder.uasset" 329
"../../../Engine/Content/EditorLandscapeResources/DataLayer.uasset" 330
"../../../Engine/Content/EditorMaterials/MAT_Groups_Toggle.uasset" 331
"../../../Engine/Content/EditorMaterials/MAT_Groups_Visibility.uasset" 332
"../../../Engine/Content/EditorMaterials/PreviewShadowIndicator.uasset" 333
"../../../Engine/Content/EditorMaterials/PreviewShadowIndicatorMaterial.uasset" 334
"../../../Engine/Content/EditorMaterials/MatineeGroups/MAT_ColorTrack.uasset" 335
"../../../Engine/Content/EditorMaterials/MatineeGroups/MAT_Groups_Anim.uasset" 336
"../../../Engine/Content/EditorMaterials/MatineeGroups/MAT_Groups_AudioMaster.uasset" 337
"../../../Engine/Content/EditorMaterials/MatineeGroups/MAT_Groups_Director.uasset" 338
"../../../Engine/Content/EditorMaterials/MatineeGroups/MAT_Groups_Event.uasset" 339
"../../../Engine/Content/EditorMaterials/MatineeGroups/MAT_Groups_Fade.uasset" 340
"../../../Engine/Content/EditorMaterials/MatineeGroups/MAT_Groups_Float.uasset" 341
"../../../Engine/Content/EditorMaterials/MatineeGroups/MAT_Groups_Move.uasset" 342
"../../../Engine/Content/EditorMaterials/MatineeGroups/MAT_Groups_Slomo.uasset" 343
"../../../Engine/Content/EditorMaterials/MatineeGroups/MAT_Groups_Sound.uasset" 344
"../../../Engine/Content/EditorMaterials/MatineeGroups/MAT_Groups_Vector.uasset" 345
"../../../Engine/Content/EditorMaterials/ParticleSystems/PSysThumbnail_NoImage.uasset" 346
"../../../Engine/Content/EditorMaterials/ParticleSystems/PSysThumbnail_OOD.uasset" 347
"../../../Engine/Content/EditorMaterials/Camera/CineMat.uasset" 348
"../../../Engine/Content/EditorMaterials/Camera/MI_CineMat_Rig.uasset" 349
"../../../Engine/Content/EditorMeshes/Camera/SM_CraneRig_Arm.uasset" 350
"../../../Engine/Content/EditorMeshes/Camera/SM_CraneRig_Base.uasset" 351
"../../../Engine/Content/EditorMeshes/Camera/SM_CraneRig_Body.uasset" 352
"../../../Engine/Content/EditorMeshes/Camera/SM_CraneRig_Mount.uasset" 353
"../../../Engine/Content/EditorMeshes/Camera/SM_RailRig_Mount.uasset" 354
"../../../Engine/Content/EditorMeshes/Camera/SM_RailRig_Track.uasset" 355
"../../../Engine/Content/EditorResources/BSPVertex.uasset" 356
"../../../Engine/Content/EditorResources/EmptyActor.uasset" 357
"../../../Engine/Content/EditorResources/S_Actor.uasset" 358
"../../../Engine/Content/EditorResources/S_Note.uasset" 359
"../../../Engine/Content/EditorResources/S_Solver.uasset" 360
"../../../Engine/Content/EditorResources/S_Trigger.uasset" 361
"../../../Engine/Content/EditorResources/AudioIcons/S_AudioComponent.uasset" 362
"../../../Engine/Content/EditorResources/AudioIcons/S_AudioComponent_AutoActivate.uasset" 363
"../../../Engine/Content/EditorResources/LightIcons/S_LightError.uasset" 364
"../../../Engine/Content/EditorResources/SequenceRecorder/Countdown.uasset" 365
"../../../Engine/Content/EditorResources/SequenceRecorder/RecordingIndicator.uasset" 366
"../../../Engine/Content/EditorSounds/Notifications/CompileFailed.uasset" 367
"../../../Engine/Content/EditorSounds/Notifications/CompileFailed_Cue.uasset" 368
"../../../Engine/Content/EditorSounds/Notifications/CompileSuccess.uasset" 369
"../../../Engine/Content/EditorSounds/Notifications/CompileStart_Cue.uasset" 370
"../../../Engine/Content/EditorSounds/Notifications/CompileSuccess_Cue.uasset" 371
"../../../Engine/Content/EngineDamageTypes/DmgTypeBP_Environmental.uasset" 372
"../../../Engine/Content/EngineDebugMaterials/DebugEditorMaterial.uasset" 373
"../../../Engine/Content/EngineDebugMaterials/DebugMeshMaterial.uasset" 374
"../../../Engine/Content/EngineDebugMaterials/M_SimpleUnlitTranslucent.uasset" 375
"../../../Engine/Content/Functions/Engine_MaterialFunctions02/Utility/CameraDirectionVector.uasset" 376
"../../../Engine/Content/EngineDebugMaterials/VolumeToRender.uasset" 377
"../../../Engine/Content/EngineDebugMaterials/M_VolumeRenderSphereTracePP.uasset" 378
"../../../Engine/Content/EngineDebugMaterials/WireframeMaterial.uasset" 379
"../../../Engine/Content/EngineFonts/Faces/DroidSansFallback.uasset" 380
"../../../Engine/Content/EngineFonts/Faces/RobotoBold.uasset" 381
"../../../Engine/Content/EngineFonts/Faces/RobotoBoldItalic.uasset" 382
"../../../Engine/Content/EngineFonts/Faces/RobotoItalic.uasset" 383
"../../../Engine/Content/EngineFonts/Faces/RobotoLight.uasset" 384
"../../../Engine/Content/EngineFonts/Faces/RobotoRegular.uasset" 385
"../../../Engine/Content/EngineFonts/Roboto.uasset" 386
"../../../Engine/Content/EngineMaterials/BaseFlattenDiffuseMap.uasset" 387
"../../../Engine/Content/EngineMaterials/BaseFlattenEmissiveMap.uasset" 388
"../../../Engine/Content/EngineMaterials/BaseFlattenGrayscaleMap.uasset" 389
"../../../Engine/Content/EngineMaterials/BaseFlattenNormalMap.uasset" 390
"../../../Engine/Content/EngineMaterials/BaseFlattenMaterial.uasset" 391
"../../../Engine/Content/EngineMaterials/BlueNoise.uasset" 392
"../../../Engine/Content/EngineMaterials/DefaultBloomKernel.uasset" 393
"../../../Engine/Content/EngineMaterials/DefaultBokeh.uasset" 394
"../../../Engine/Content/EngineMaterials/DefaultDiffuse.uasset" 395
"../../../Engine/Content/EngineMaterials/DefaultDeferredDecalMaterial.uasset" 396
"../../../Engine/Content/EngineMaterials/DefaultLightFunctionMaterial.uasset" 397
"../../../Engine/Content/Functions/Engine_MaterialFunctions02/Utility/BreakOutFloat2Components.uasset" 398
"../../../Engine/Content/EngineMaterials/DefaultPostProcessMaterial.uasset" 399
"../../../Engine/Content/EngineFonts/RobotoDistanceField.uasset" 400
"../../../Engine/Content/EngineMaterials/DefaultTextMaterialOpaque.uasset" 401
"../../../Engine/Content/EngineMaterials/DefaultWhiteGrid.uasset" 402
"../../../Engine/Content/EngineMaterials/DefaultWhiteGrid_Low.uasset" 403
"../../../Engine/Content/EngineMaterials/EmissiveMeshMaterial.uasset" 404
"../../../Engine/Content/EngineMaterials/GizmoMaterial.uasset" 405
"../../../Engine/Content/EngineMaterials/Good64x64TilingNoiseHighFreq.uasset" 406
"../../../Engine/Content/EngineMaterials/MiniFont.uasset" 407
"../../../Engine/Content/EngineMaterials/InvalidLightmapSettings.uasset" 408
"../../../Engine/Content/EngineMaterials/M_InvalidLightmapSettings.uasset" 409
"../../../Engine/Content/Functions/Engine_MaterialFunctions02/WorldPositionOffset/CameraOffset.uasset" 410
"../../../Engine/Content/EngineMaterials/PhAT_JointLimitMaterial.uasset" 411
"../../../Engine/Content/EngineMaterials/PreintegratedSkinBRDF.uasset" 412
"../../../Engine/Content/EngineMaterials/RemoveSurfaceMaterial.uasset" 413
"../../../Engine/Content/EngineResources/WhiteSquareTexture.uasset" 414
"../../../Engine/Content/EngineMaterials/Widget3DPassThrough.uasset" 415
"../../../Engine/Content/EngineMaterials/Widget3DPassThrough_Masked.uasset" 416
"../../../Engine/Content/EngineMaterials/Widget3DPassThrough_Opaque.uasset" 417
"../../../Engine/Content/EngineMaterials/Widget3DPassThrough_Masked_OneSided.uasset" 418
"../../../Engine/Content/EngineMaterials/Widget3DPassThrough_Opaque_OneSided.uasset" 419
"../../../Engine/Content/EngineMaterials/Widget3DPassThrough_Translucent.uasset" 420
"../../../Engine/Content/EngineMaterials/Widget3DPassThrough_Translucent_OneSided.uasset" 421
"../../../Engine/Content/EngineMeshes/Cylinder.uasset" 422
"../../../Engine/Content/EngineMeshes/Sphere.uasset" 423
"../../../Engine/Content/EngineResources/Black.uasset" 424
"../../../Engine/Content/EngineResources/DefaultTexture.uasset" 425
"../../../Engine/Content/EngineResources/DefaultTextureCube.uasset" 426
"../../../Engine/Content/EngineResources/DefaultVolumeTexture2D.uasset" 427
"../../../Engine/Content/EngineResources/DefaultVolumeTexture.uasset" 428
"../../../Engine/Content/EngineResources/GradientTexture0.uasset" 429
"../../../Engine/Content/EngineSounds/Master.uasset" 430
"../../../Engine/Content/Functions/Engine_MaterialFunctions01/Shading/ConvertFromDiffSpec.uasset" 431
"../../../Engine/Content/Functions/Engine_MaterialFunctions01/Shading/PowerToRoughness.uasset" 432
"../../../Engine/Content/Maps/Templates/Thumbnails/Default.uasset" 433
"../../../Engine/Content/Maps/Templates/Thumbnails/TimeOfDay.uasset" 434
"../../../Engine/Content/Maps/Templates/Thumbnails/VR-Basic.uasset" 435
"../../../Engine/Content/MobileResources/T_MobileControls_texture.uasset" 436
"../../../Engine/Content/MobileResources/T_MobileMenu2.uasset" 437
"../../../Engine/Content/MobileResources/HUD/AnalogHat.uasset" 438
"../../../Engine/Content/MobileResources/HUD/VirtualJoystick_Background.uasset" 439
"../../../Engine/Content/MobileResources/HUD/DefaultVirtualJoysticks.uasset" 440
"../../../Engine/Content/MobileResources/HUD/LeftVirtualJoystickOnly.uasset" 441
"../../../Engine/Content/MobileResources/HUD/MobileHUDButton1_off.uasset" 442
"../../../Engine/Content/MobileResources/HUD/MobileHUDButton1_on.uasset" 443
"../../../Engine/Content/MobileResources/HUD/MobileHUDButton2_off.uasset" 444
"../../../Engine/Content/MobileResources/HUD/MobileHUDButton2_on.uasset" 445
"../../../Engine/Content/MobileResources/HUD/MobileHUDButton3.uasset" 446
"../../../Engine/Content/MobileResources/HUD/MobileHUDButtonFire.uasset" 447
"../../../Engine/Content/MobileResources/HUD/MobileHUDDirectionPad.uasset" 448
"../../../Engine/Content/MobileResources/HUD/MobileHUDDirectionPad2.uasset" 449
"../../../Engine/Content/MobileResources/HUD/MobileHUDDirectionPad3.uasset" 450
"../../../Engine/Content/MobileResources/HUD/MobileHUDDirectionStick.uasset" 451
"../../../Engine/Content/MobileResources/HUD/T_Castle_ThumbstickInner.uasset" 452
"../../../Engine/Content/MobileResources/HUD/T_Castle_ThumbstickOutter.uasset" 453
"../../../Engine/Content/Tutorial/ContentIntroCurve.uasset" 454
"../../../Engine/Content/Tutorial/Basics/LevelEditorAttract.uasset" 455
"../../../Engine/Content/Tutorial/Basics/TutorialAssets/icon_tab_Levels_40x.uasset" 456
"../../../Engine/Content/Tutorial/Basics/LevelEditorOverview.uasset" 457
"../../../Engine/Content/Tutorial/BlueprintTutorials/TutorialAssets/Blueprint_64x.uasset" 458
"../../../Engine/Content/Tutorial/BlueprintTutorials/BlueprintEditorTutorial.uasset" 459
"../../../Engine/Content/Tutorial/SubEditors/GettingSubstance.uasset" 460
"../../../Engine/Content/VREditor/LaserPointer/VR_LaserPower_01.uasset" 461
"../../../Engine/Content/VREditor/TransformGizmo/TransformGizmoMaterial.uasset" 462
"../../../Engine/Content/VREditor/TransformGizmo/TranslucentTransformGizmoMaterial.uasset" 463
"../../../Engine/Content/VREditor/TransformGizmo/BoundingBoxCorner.uasset" 464
"../../../Engine/Content/VREditor/TransformGizmo/BoundingBoxEdge.uasset" 465
"../../../Engine/Content/VREditor/TransformGizmo/PlaneTranslationHandle.uasset" 466
"../../../Engine/Content/VREditor/TransformGizmo/Main.uasset" 467
"../../../Engine/Content/VREditor/TransformGizmo/Xray.uasset" 468
"../../../Engine/Content/VREditor/TransformGizmo/SM_Sequencer_Key.uasset" 469
"../../../Engine/Content/VREditor/TransformGizmo/SM_Sequencer_Node.uasset" 470
"../../Plugins/2D/Paper2D/Content/PlaceholderTextures/DummySpriteTexture.uasset" 471
"../../Plugins/2D/Paper2D/Content/DummySprite.uasset" 472
"../../Plugins/2D/Paper2D/Content/DefaultPaperTerrainMaterial.uasset" 473
"../../Plugins/2D/Paper2D/Content/DefaultSpriteMaterial.uasset" 474
"../../Plugins/2D/Paper2D/Content/MaskedUnlitSpriteMaterial.uasset" 475
"../../Plugins/2D/Paper2D/Content/OpaqueUnlitSpriteMaterial.uasset" 476
"../../Plugins/FX/Niagara/Content/Enums/ENiagaraBooleanLogicOps.uasset" 477
"../../Plugins/FX/Niagara/Content/Enums/ENiagaraCoordinateSpace.uasset" 478
"../../Plugins/FX/Niagara/Content/Enums/ENiagaraExpansionMode.uasset" 479
"../../Plugins/FX/Niagara/Content/Enums/ENiagaraOrientationAxis.uasset" 480
"../../Plugins/FX/Niagara/Content/Enums/ENiagaraRandomnessMode.uasset" 481
"../../../Engine/Content/Functions/Engine_MaterialFunctions02/Utility/BreakOutFloat4Components.uasset" 482
"../../../Engine/Content/Functions/Engine_MaterialFunctions02/Utility/MakeFloat2.uasset" 483
"../../../Engine/Content/Functions/Engine_MaterialFunctions02/Utility/MakeFloat3.uasset" 484
"../../Plugins/Runtime/Oculus/OculusVR/Content/Materials/OculusMR_ChromaKey.uasset" 485
"../../Plugins/Runtime/Oculus/OculusVR/Content/Materials/OculusMR_ChromaKey_Lit.uasset" 486
"../../Plugins/Runtime/Oculus/OculusVR/Content/Materials/OculusMR_OpaqueColoredMaterial.uasset" 487
"../../Plugins/Runtime/Oculus/OculusVR/Content/Materials/OculusMR_WhiteMaterial.uasset" 488
"../../../../../../UnrealEngineProjects/Liza_En_Bar_23092020/Content/AnimStarterPack/Crouch_Idle_Rifle_Hip.uasset" 489
"../../../../../../UnrealEngineProjects/Liza_En_Bar_23092020/Content/AnimStarterPack/Equip_Pistol_Standing.uasset" 490
"../../../../../../UnrealEngineProjects/Liza_En_Bar_23092020/Content/AnimStarterPack/Fire_Rifle_Ironsights.uasset" 491
"../../../../../../UnrealEngineProjects/Liza_En_Bar_23092020/Content/AnimStarterPack/Hit_React_2.uasset" 492
"../../../../../../UnrealEngineProjects/Liza_En_Bar_23092020/Content/AnimStarterPack/Hit_React_3.uasset" 493
"../../../../../../UnrealEngineProjects/Liza_En_Bar_23092020/Content/AnimStarterPack/Idle_Rifle_Hip_Break1.uasset" 494
"../../../../../../UnrealEngineProjects/Liza_En_Bar_23092020/Content/AnimStarterPack/Idle_Rifle_Hip_Break2.uasset" 495
"../../../../../../UnrealEngineProjects/Liza_En_Bar_23092020/Content/AnimStarterPack/Reload_Rifle_Hip.uasset" 496
"../../../../../../UnrealEngineProjects/Liza_En_Bar_23092020/Content/AnimStarterPack/Walk_Fwd_Rifle_Ironsights.uasset" 497
"../../../Engine/Content/EngineSky/C_Sky_Cloud_Color.uasset" 498
"../../../Engine/Content/EngineSky/C_Sky_Horizon_Color.uasset" 499
"../../../Engine/Content/EngineSky/C_Sky_Zenith_Color.uasset" 500
"../../../Engine/Content/EngineSky/T_Sky_Blue.uasset" 501
"../../../Engine/Content/EngineSky/T_Sky_Clouds_M.uasset" 502
"../../../Engine/Content/EngineSky/T_Sky_Stars.uasset" 503
"../../../Engine/Content/EngineSky/M_Sky_Panning_Clouds2.uasset" 504
"../../../Engine/Content/MapTemplates/Sky/T_Sky_Stars.uasset" 505
"../../../Engine/Content/MapTemplates/Sky/T_UDK_Sky_CloudMask01_N.uasset" 506
"../../../Engine/Content/MapTemplates/T_UDK_Sky_CloudMask03.uasset" 507
"../../../Engine/Content/MapTemplates/Sky/M_Procedural_Sky_MASTER02.uasset" 508
"../../../Engine/Content/MapTemplates/Sky/SM_SkySphere.uasset" 509
"../../../Engine/Content/EngineSky/BP_Sky_Sphere.uasset" 510
"../../../Engine/Content/TemplateResources/M_Template_Master.uasset" 511
"../../../Engine/Content/TemplateResources/MI_Template_BaseGray_03_Metal.uasset" 512
"../../../../../../UnrealEngineProjects/Liza_En_Bar_23092020/Content/AnimStarterPack/Showcase.umap" 513
"../../../../../../UnrealEngineProjects/Liza_En_Bar_23092020/Content/GoodSky/Source/Data/Curve/Curve_GoodSky_Stars.uasset" 514
"../../../../../../UnrealEngineProjects/Liza_En_Bar_23092020/Content/GoodSky/Source/Data/Curve/Curve_GoodSky_SunLight.uasset" 515
"../../../../../../UnrealEngineProjects/Liza_En_Bar_23092020/Content/GoodSky/Source/Data/Curve/Curve_GoodSky_AllOverlayColor.uasset" 516
"../../../../../../UnrealEngineProjects/Liza_En_Bar_23092020/Content/GoodSky/Source/Data/Curve/Curve_GoodSky_BaseCloudColor.uasset" 517
"../../../../../../UnrealEngineProjects/Liza_En_Bar_23092020/Content/GoodSky/Source/Data/Curve/Curve_GoodSky_DomeColor.uasset" 518
"../../../../../../UnrealEngineProjects/Liza_En_Bar_23092020/Content/GoodSky/Source/Data/Curve/Curve_GoodSky_horizon_Color.uasset" 519
"../../../../../../UnrealEngineProjects/Liza_En_Bar_23092020/Content/GoodSky/Source/Data/Curve/Curve_GoodSky_SunDirection_Vector.uasset" 520
"../../../../../../UnrealEngineProjects/Liza_En_Bar_23092020/Content/GoodSky/Source/Data/Curve/Curve_GoodSky_SunDirection_Vector1.uasset" 521
"../../../../../../UnrealEngineProjects/Liza_En_Bar_23092020/Content/GoodSky/Source/Data/Structure/Structure_GoodSky.uasset" 522
"../../../../../../UnrealEngineProjects/Liza_En_Bar_23092020/Content/GoodSky/Source/Data/DataTable/DataTable_GoodSky.uasset" 523
"../../../../../../UnrealEngineProjects/Liza_En_Bar_23092020/Content/GoodSky/Source/ArrowTool/T_GoodSky_SkyRing.uasset" 524
"../../../../../../UnrealEngineProjects/Liza_En_Bar_23092020/Content/GoodSky/Source/ArrowTool/M_GoodSky_SkyRing_.uasset" 525
"../../../../../../UnrealEngineProjects/Liza_En_Bar_23092020/Content/GoodSky/Source/ArrowTool/M_GoodSky_Sun_Emissive.uasset" 526
"../../../Engine/Content/Functions/Engine_MaterialFunctions01/Gradient/LinearGradient.uasset" 527
"../../../../../../UnrealEngineProjects/Liza_En_Bar_23092020/Content/GoodSky/Source/Materials/Material_Function/MF_GoodSky_SkyDomeAlpha.uasset" 528
"../../../../../../UnrealEngineProjects/Liza_En_Bar_23092020/Content/GoodSky/Source/Textures/T_GoodSky_clouds_A.uasset" 529
"../../../../../../UnrealEngineProjects/Liza_En_Bar_23092020/Content/GoodSky/Source/Textures/T_GoodSky_clouds_B.uasset" 530
"../../../../../../UnrealEngineProjects/Liza_En_Bar_23092020/Content/GoodSky/Source/Textures/T_GoodSky_clouds_sphere.uasset" 531
"../../../../../../UnrealEngineProjects/Liza_En_Bar_23092020/Content/GoodSky/Source/Materials/Material_Function/MF_GoodSky_Clouds_Setting.uasset" 532
"../../../../../../UnrealEngineProjects/Liza_En_Bar_23092020/Content/GoodSky/Source/Materials/Material_Function/MF_GoodSky_Global_Setting.uasset" 533
"../../../../../../UnrealEngineProjects/Liza_En_Bar_23092020/Content/GoodSky/Source/Materials/Material_Function/MF_GoodSky_Time.uasset" 534
"../../../../../../UnrealEngineProjects/Liza_En_Bar_23092020/Content/GoodSky/Source/Materials/Material_Function/MF_GoodSky_Top_part_alpha.uasset" 535
"../../../../../../UnrealEngineProjects/Liza_En_Bar_23092020/Content/GoodSky/Source/Textures/T_GoodSky_clouds_F.uasset" 536
"../../../../../../UnrealEngineProjects/Liza_En_Bar_23092020/Content/GoodSky/Source/Materials/M_GoodSky_Base.uasset" 537
"../../../Engine/Content/Functions/Engine_MaterialFunctions01/Density/ExponentialDensity.uasset" 538
"../../../Engine/Content/Functions/Engine_MaterialFunctions01/Gradient/RadialGradientExponential.uasset" 539
"../../../Engine/Content/Functions/Engine_MaterialFunctions01/Texturing/ScaleUVsAroundPoint.uasset" 540
"../../../../../../UnrealEngineProjects/Liza_En_Bar_23092020/Content/GoodSky/Source/Textures/T_GoodSky_Moon.uasset" 541
"../../../../../../UnrealEngineProjects/Liza_En_Bar_23092020/Content/GoodSky/Source/Materials/Material_Function/MF_GoodSky_Moon_Setting.uasset" 542
"../../../../../../UnrealEngineProjects/Liza_En_Bar_23092020/Content/GoodSky/Source/Materials/M_GoodSky_Moon.uasset" 543
"../../../Engine/Content/Functions/Engine_MaterialFunctions01/ImageAdjustment/DeriveHDRfromLDR.uasset" 544
"../../../Engine/Content/Functions/Engine_MaterialFunctions01/Texturing/ComputeMipLevel.uasset" 545
"../../../Engine/Content/Functions/Engine_MaterialFunctions01/Texturing/TextureCropping.uasset" 546
"../../../Engine/Content/Functions/Engine_MaterialFunctions02/Utility/BreakOutFloat3Components.uasset" 547
"../../../Engine/Content/Functions/Engine_MaterialFunctions02/ExampleContent/DebugNumberStrip.uasset" 548
"../../../Engine/Content/Functions/Engine_MaterialFunctions02/ExampleContent/Textures/DebugNumberPeriod.uasset" 549
"../../../Engine/Content/Functions/Engine_MaterialFunctions02/Utility/DebugScalarValues.uasset" 550
"../../../Engine/Content/Functions/Engine_MaterialFunctions02/Utility/DebugFloat3Values.uasset" 551
"../../../Engine/Content/Functions/Engine_MaterialFunctions02/Math/RGBtoHSV.uasset" 552
"../../../../../../UnrealEngineProjects/Liza_En_Bar_23092020/Content/GoodSky/Source/Textures/T_GoodSky_Lightning.uasset" 553
"../../../../../../UnrealEngineProjects/Liza_En_Bar_23092020/Content/GoodSky/Source/Materials/M_GoodSky_Storm.uasset" 554
"../../../../../../UnrealEngineProjects/Liza_En_Bar_23092020/Content/GoodSky/Source/Textures/T_GoodSky_Stars.uasset" 555
"../../../../../../UnrealEngineProjects/Liza_En_Bar_23092020/Content/GoodSky/Source/Materials/M_GoodSky_Sun_Stars.uasset" 556
"../../../../../../UnrealEngineProjects/Liza_En_Bar_23092020/Content/GoodSky/Source/Materials/M_GoodSky_Sun_Stars_Moon.uasset" 557
"../../../Engine/Content/BasicShapes/Plane.uasset" 558
"../../../Engine/Content/BasicShapes/Sphere.uasset" 559
"../../../../../../UnrealEngineProjects/Liza_En_Bar_23092020/Content/GoodSky/Source/ArrowTool/SM_GoodSky_StarMesh.uasset" 560
"../../../../../../UnrealEngineProjects/Liza_En_Bar_23092020/Content/GoodSky/Source/Data/Enum/Enum_GoodSky_Clouds_Coverage.uasset" 561
"../../../../../../UnrealEngineProjects/Liza_En_Bar_23092020/Content/GoodSky/Source/Data/Enum/Enum_GoodSky_Effects.uasset" 562
"../../../../../../UnrealEngineProjects/Liza_En_Bar_23092020/Content/GoodSky/Source/Data/Enum/Enum_GoodSky_MeshType.uasset" 563
"../../../../../../UnrealEngineProjects/Liza_En_Bar_23092020/Content/GoodSky/Source/Data/Enum/Enum_GoodSky_Preset.uasset" 564
"../../../../../../UnrealEngineProjects/Liza_En_Bar_23092020/Content/GoodSky/Source/Data/Enum/Enum_GoodSky_Style_Clouds.uasset" 565
"../../../../../../UnrealEngineProjects/Liza_En_Bar_23092020/Content/GoodSky/Source/Mesh/SM_GoodSky_Hemisphere.uasset" 566
"../../../../../../UnrealEngineProjects/Liza_En_Bar_23092020/Content/GoodSky/Source/Mesh/SM_GoodSky_Sphere.uasset" 567
"../../../../../../UnrealEngineProjects/Liza_En_Bar_23092020/Content/GoodSky/Source/Textures/T_GoodSky_clouds_C.uasset" 568
"../../../../../../UnrealEngineProjects/Liza_En_Bar_23092020/Content/GoodSky/Source/Textures/T_GoodSky_clouds_D.uasset" 569
"../../../../../../UnrealEngineProjects/Liza_En_Bar_23092020/Content/GoodSky/Source/Textures/T_GoodSky_clouds_E.uasset" 570
"../../../../../../UnrealEngineProjects/Liza_En_Bar_23092020/Content/GoodSky/Blueprint/BP_GoodSky.uasset" 571
"../../../../../../UnrealEngineProjects/Liza_En_Bar_23092020/Content/GoodSky/Source/UI/WB_GoodSky_Menu.uasset" 572
"../../../../../../UnrealEngineProjects/Liza_En_Bar_23092020/Content/GoodSky/Maps/Level_GoodSky_Showcase.umap" 573
"../../../../../../UnrealEngineProjects/Liza_En_Bar_23092020/Content/Gamecore/AI/AI_Spawner.uasset" 574
"../../../../../../UnrealEngineProjects/Liza_En_Bar_23092020/Content/Gamecore/AI/JenyaBot.uasset" 575
"../../../../../../UnrealEngineProjects/Liza_En_Bar_23092020/Content/StandartContent/StarterContent/Props/Materials/M_MaterialSphere.uasset" 576
"../../../../../../UnrealEngineProjects/Liza_En_Bar_23092020/Content/StandartContent/StarterContent/Materials/M_Glass.uasset" 577
"../../../../../../UnrealEngineProjects/Liza_En_Bar_23092020/Content/StandartContent/StarterContent/Textures/T_Door_M.uasset" 578
"../../../../../../UnrealEngineProjects/Liza_En_Bar_23092020/Content/StandartContent/StarterContent/Textures/T_Door_N.uasset" 579
"../../../../../../UnrealEngineProjects/Liza_En_Bar_23092020/Content/StandartContent/StarterContent/Props/Materials/M_Door.uasset" 580
"../../../../../../UnrealEngineProjects/Liza_En_Bar_23092020/Content/StandartContent/StarterContent/Props/SM_Door.uasset" 581
"../../../../../../UnrealEngineProjects/Liza_En_Bar_23092020/Content/StandartContent/StarterContent/Textures/T_Frame_M.uasset" 582
"../../../../../../UnrealEngineProjects/Liza_En_Bar_23092020/Content/StandartContent/StarterContent/Textures/T_Frame_N.uasset" 583
"../../../../../../UnrealEngineProjects/Liza_En_Bar_23092020/Content/StandartContent/StarterContent/Props/Materials/M_Frame.uasset" 584
"../../../../../../UnrealEngineProjects/Liza_En_Bar_23092020/Content/StandartContent/StarterContent/Props/SM_DoorFrame.uasset" 585
"../../../../../../UnrealEngineProjects/Liza_En_Bar_23092020/Content/Gamecore/Interact/DoorBase.uasset" 586
"../../../../../../UnrealEngineProjects/Liza_En_Bar_23092020/Content/Gamecore/Interact/Elevator.uasset" 587
"../../../../../../UnrealEngineProjects/Liza_En_Bar_23092020/Content/StandartContent/StarterContent/Textures/T_Water_M.uasset" 588
"../../../../../../UnrealEngineProjects/Liza_En_Bar_23092020/Content/StandartContent/StarterContent/Materials/M_Water_Ocean.uasset" 589
"../../../../../../UnrealEngineProjects/Liza_En_Bar_23092020/Content/Gamecore/Interact/HealthBase.uasset" 590
"../../../../../../UnrealEngineProjects/Liza_En_Bar_23092020/Content/StandartContent/StarterContent/Shapes/Shape_Torus.uasset" 591
"../../../../../../UnrealEngineProjects/Liza_En_Bar_23092020/Content/Gamecore/Interact/HoverPlatform.uasset" 592
"../../../../../../UnrealEngineProjects/Liza_En_Bar_23092020/Content/Gamecore/Interact/HoverPlatform1.uasset" 593
"../../../../../../UnrealEngineProjects/Liza_En_Bar_23092020/Content/StandartContent/StarterContent/Props/SM_Lamp_Ceiling.uasset" 594
"../../../../../../UnrealEngineProjects/Liza_En_Bar_23092020/Content/Gamecore/Interact/LampBase.uasset" 595
"../../../../../../UnrealEngineProjects/Liza_En_Bar_23092020/Content/StandartContent/StarterContent/Particles/Materials/M_Radial_Gradient.uasset" 596
"../../../../../../UnrealEngineProjects/Liza_En_Bar_23092020/Content/StandartContent/StarterContent/Textures/T_Spark_Core.uasset" 597
"../../../../../../UnrealEngineProjects/Liza_En_Bar_23092020/Content/StandartContent/StarterContent/Particles/Materials/M_Spark.uasset" 598
"../../../../../../UnrealEngineProjects/Liza_En_Bar_23092020/Content/StandartContent/StarterContent/Particles/P_Sparks.uasset" 599
"../../../../../../UnrealEngineProjects/Liza_En_Bar_23092020/Content/Gamecore/Interact/LazerWeapon.uasset" 600
"../../../../../../UnrealEngineProjects/Liza_En_Bar_23092020/Content/StandartContent/StarterContent/Shapes/Shape_QuadPyramid.uasset" 601
"../../../../../../UnrealEngineProjects/Liza_En_Bar_23092020/Content/StandartContent/StarterContent/Shapes/Shape_Trim_90_In.uasset" 602
"../../../../../../UnrealEngineProjects/Liza_En_Bar_23092020/Content/Gamecore/Interact/RotationPyramid.uasset" 603
"../../../../../../UnrealEngineProjects/Liza_En_Bar_23092020/Content/StandartContent/StarterContent/Props/SM_Lamp_Wall.uasset" 604
"../../../../../../UnrealEngineProjects/Liza_En_Bar_23092020/Content/Gamecore/Interact/StaticLampWall.uasset" 605
"../../../../../../UnrealEngineProjects/Liza_En_Bar_23092020/Content/Levels/MainLevel_sharedassets/Glay_LayerInfo.uasset" 606
"../../../../../../UnrealEngineProjects/Liza_En_Bar_23092020/Content/Levels/MainLevel_sharedassets/Grass_LayerInfo.uasset" 607
"../../../../../../UnrealEngineProjects/Liza_En_Bar_23092020/Content/Levels/MainLevel_sharedassets/Sand_LayerInfo.uasset" 608
"../../../../../../UnrealEngineProjects/Liza_En_Bar_23092020/Content/Levels/MainLevel_BuiltData.uasset" 609
"../../../Engine/Content/BasicShapes/BasicShapeMaterial.uasset" 610
"../../../Engine/Content/BasicShapes/Cube.uasset" 611
"../../../Engine/Content/EngineMaterials/DefaultPhysicalMaterial.uasset" 612
"../../../../../../UnrealEngineProjects/Liza_En_Bar_23092020/Content/StandartContent/StarterContent/Architecture/Wall_400x300.uasset" 613
"../../../../../../UnrealEngineProjects/Liza_En_Bar_23092020/Content/StandartContent/StarterContent/Props/Materials/M_MaterialSphere_Plain.uasset" 614
"../../../../../../UnrealEngineProjects/Liza_En_Bar_23092020/Content/StandartContent/StarterContent/Props/SM_MatPreviewMesh_02.uasset" 615
"../../../../../../UnrealEngineProjects/Liza_En_Bar_23092020/Content/StandartContent/StarterContent/Textures/T_Statue_M.uasset" 616
"../../../../../../UnrealEngineProjects/Liza_En_Bar_23092020/Content/StandartContent/StarterContent/Textures/T_Statue_N.uasset" 617
"../../../../../../UnrealEngineProjects/Liza_En_Bar_23092020/Content/StandartContent/StarterContent/Props/Materials/M_Statue.uasset" 618
"../../../../../../UnrealEngineProjects/Liza_En_Bar_23092020/Content/StandartContent/StarterContent/Props/Materials/M_StatueGlass.uasset" 619
"../../../../../../UnrealEngineProjects/Liza_En_Bar_23092020/Content/StandartContent/StarterContent/Props/SM_Statue.uasset" 620
"../../../../../../UnrealEngineProjects/Liza_En_Bar_23092020/Content/StandartContent/StarterContent/Shapes/Shape_Trim.uasset" 621
"../../../../../../UnrealEngineProjects/Liza_En_Bar_23092020/Content/Levels/MainLevel.umap" 622
"../../../Engine/Content/Functions/Engine_MaterialFunctions03/Procedurals/ComputeFilterWidth.uasset" 623
"../../../Engine/Content/EngineMaterials/AntiAliasedTextMaterialTranslucent.uasset" 624
"../../../../../../UnrealEngineProjects/Liza_En_Bar_23092020/Content/StandartContent/Geometry/Meshes/CubeMaterial.uasset" 625
"../../../../../../UnrealEngineProjects/Liza_En_Bar_23092020/Content/StandartContent/Geometry/Meshes/1M_Cube.uasset" 626
"../../../../../../UnrealEngineProjects/Liza_En_Bar_23092020/Content/StandartContent/FirstPersonBP/Maps/FirstPersonExampleMap.umap" 627
"../../../../../../UnrealEngineProjects/Liza_En_Bar_23092020/Content/StandartContent/StarterContent/Blueprints/Assets/FogBrightnessLUT.uasset" 628
"../../../../../../UnrealEngineProjects/Liza_En_Bar_23092020/Content/StandartContent/StarterContent/Blueprints/Assets/SunlightColorLUT.uasset" 629
"../../../../../../UnrealEngineProjects/Liza_En_Bar_23092020/Content/StandartContent/StarterContent/Blueprints/Assets/M_LightStage_Arrows.uasset" 630
"../../../Engine/Content/MapTemplates/Sky/DaylightAmbientCubemap.uasset" 631
"../../../../../../UnrealEngineProjects/Liza_En_Bar_23092020/Content/StandartContent/StarterContent/Blueprints/Assets/M_LightStage_Skybox_Master.uasset" 632
"../../../../../../UnrealEngineProjects/Liza_En_Bar_23092020/Content/StandartContent/StarterContent/Blueprints/Assets/M_LightStage_Skybox_Black.uasset" 633
"../../../../../../UnrealEngineProjects/Liza_En_Bar_23092020/Content/StandartContent/StarterContent/Blueprints/Assets/M_LightStage_Skybox_HDRI.uasset" 634
"../../../Engine/Content/EditorMaterials/Thumbnails/SkySphereMaterial.uasset" 635
"../../../../../../UnrealEngineProjects/Liza_En_Bar_23092020/Content/StandartContent/StarterContent/Blueprints/Assets/Skybox.uasset" 636
"../../../../../../UnrealEngineProjects/Liza_En_Bar_23092020/Content/StandartContent/StarterContent/Blueprints/Assets/SM_Arrows.uasset" 637
"../../../../../../UnrealEngineProjects/Liza_En_Bar_23092020/Content/StandartContent/StarterContent/HDRI/HDRI_Epic_Courtyard_Daylight.uasset" 638
"../../../../../../UnrealEngineProjects/Liza_En_Bar_23092020/Content/StandartContent/StarterContent/Blueprints/BP_LightStudio.uasset" 639
"../../../../../../UnrealEngineProjects/Liza_En_Bar_23092020/Content/StandartContent/StarterContent/Maps/Advanced_Lighting_BuiltData.uasset" 640
"../../../Engine/Content/EditorMeshes/ColorCalibrator/M_ChromeBall.uasset" 641
"../../../Engine/Content/EditorMeshes/ColorCalibrator/M_ClearCoat.uasset" 642
"../../../Engine/Content/EditorMeshes/ColorCalibrator/M_ClearCoatBlack.uasset" 643
"../../../Engine/Content/EditorMeshes/ColorCalibrator/Color_checker.uasset" 644
"../../../Engine/Content/EditorMeshes/ColorCalibrator/M_ColorGrid.uasset" 645
"../../../Engine/Content/EditorMeshes/ColorCalibrator/M_GreyBall.uasset" 646
"../../../Engine/Content/EditorMeshes/ColorCalibrator/SM_ColorCalibrator.uasset" 647
"../../../../../../UnrealEngineProjects/Liza_En_Bar_23092020/Content/StandartContent/StarterContent/Maps/Advanced_Lighting.umap" 648
"../../../../../../UnrealEngineProjects/Liza_En_Bar_23092020/Content/StandartContent/StarterContent/Maps/Minimal_Default_BuiltData.uasset" 649
"../../../../../../UnrealEngineProjects/Liza_En_Bar_23092020/Content/StandartContent/StarterContent/Materials/M_Metal_Brushed_Nickel.uasset" 650
"../../../../../../UnrealEngineProjects/Liza_En_Bar_23092020/Content/StandartContent/StarterContent/Textures/T_Metal_Aluminum_D.uasset" 651
"../../../../../../UnrealEngineProjects/Liza_En_Bar_23092020/Content/StandartContent/StarterContent/Textures/T_Metal_Gold_N.uasset" 652
"../../../../../../UnrealEngineProjects/Liza_En_Bar_23092020/Content/StandartContent/StarterContent/Materials/M_Metal_Burnished_Steel.uasset" 653
"../../../../../../UnrealEngineProjects/Liza_En_Bar_23092020/Content/StandartContent/StarterContent/Textures/T_Metal_Copper_D.uasset" 654
"../../../../../../UnrealEngineProjects/Liza_En_Bar_23092020/Content/StandartContent/StarterContent/Materials/M_Metal_Copper.uasset" 655
"../../../../../../UnrealEngineProjects/Liza_En_Bar_23092020/Content/StandartContent/StarterContent/Architecture/Floor_400x400.uasset" 656
"../../../../../../UnrealEngineProjects/Liza_En_Bar_23092020/Content/StandartContent/StarterContent/Audio/Starter_Birds01.uasset" 657
"../../../../../../UnrealEngineProjects/Liza_En_Bar_23092020/Content/StandartContent/StarterContent/Audio/Starter_Wind05.uasset" 658
"../../../../../../UnrealEngineProjects/Liza_En_Bar_23092020/Content/StandartContent/StarterContent/Audio/Starter_Wind06.uasset" 659
"../../../../../../UnrealEngineProjects/Liza_En_Bar_23092020/Content/StandartContent/StarterContent/Audio/Starter_Background_Cue.uasset" 660
"../../../../../../UnrealEngineProjects/Liza_En_Bar_23092020/Content/StandartContent/StarterContent/Props/SM_Chair.uasset" 661
"../../../../../../UnrealEngineProjects/Liza_En_Bar_23092020/Content/StandartContent/StarterContent/Textures/T_TableRound_M.uasset" 662
"../../../../../../UnrealEngineProjects/Liza_En_Bar_23092020/Content/StandartContent/StarterContent/Textures/T_TableRound_N.uasset" 663
"../../../../../../UnrealEngineProjects/Liza_En_Bar_23092020/Content/StandartContent/StarterContent/Props/Materials/M_TableRound.uasset" 664
"../../../../../../UnrealEngineProjects/Liza_En_Bar_23092020/Content/StandartContent/StarterContent/Props/SM_TableRound.uasset" 665
"../../../../../../UnrealEngineProjects/Liza_En_Bar_23092020/Content/StandartContent/StarterContent/Maps/Minimal_Default.umap" 666
"../../../../../../UnrealEngineProjects/Liza_En_Bar_23092020/Content/StandartContent/StarterContent/Audio/Fire01.uasset" 667
"../../../../../../UnrealEngineProjects/Liza_En_Bar_23092020/Content/StandartContent/StarterContent/Audio/Fire01_Cue.uasset" 668
"../../../../../../UnrealEngineProjects/Liza_En_Bar_23092020/Content/StandartContent/StarterContent/Textures/T_Fire_SubUV.uasset" 669
"../../../../../../UnrealEngineProjects/Liza_En_Bar_23092020/Content/StandartContent/StarterContent/Particles/Materials/M_Fire_SubUV.uasset" 670
"../../../../../../UnrealEngineProjects/Liza_En_Bar_23092020/Content/StandartContent/StarterContent/Particles/Materials/M_Heat_Distortion.uasset" 671
"../../../../../../UnrealEngineProjects/Liza_En_Bar_23092020/Content/StandartContent/StarterContent/Particles/P_Fire.uasset" 672
"../../../../../../UnrealEngineProjects/Liza_En_Bar_23092020/Content/StandartContent/StarterContent/Blueprints/Blueprint_Effect_Fire.uasset" 673
"../../../../../../UnrealEngineProjects/Liza_En_Bar_23092020/Content/StandartContent/StarterContent/Audio/Smoke01.uasset" 674
"../../../../../../UnrealEngineProjects/Liza_En_Bar_23092020/Content/StandartContent/StarterContent/Audio/Smoke01_Cue.uasset" 675
"../../../../../../UnrealEngineProjects/Liza_En_Bar_23092020/Content/StandartContent/StarterContent/Particles/P_Smoke.uasset" 676
"../../../../../../UnrealEngineProjects/Liza_En_Bar_23092020/Content/StandartContent/StarterContent/Blueprints/Blueprint_Effect_Smoke.uasset" 677
"../../../../../../UnrealEngineProjects/Liza_En_Bar_23092020/Content/StandartContent/StarterContent/Audio/Fire_Sparks01.uasset" 678
"../../../../../../UnrealEngineProjects/Liza_En_Bar_23092020/Content/StandartContent/StarterContent/Audio/Fire_Sparks01_Cue.uasset" 679
"../../../../../../UnrealEngineProjects/Liza_En_Bar_23092020/Content/StandartContent/StarterContent/Blueprints/Blueprint_Effect_Sparks.uasset" 680
"../../../../../../UnrealEngineProjects/Liza_En_Bar_23092020/Content/StandartContent/StarterContent/Audio/Steam01.uasset" 681
"../../../../../../UnrealEngineProjects/Liza_En_Bar_23092020/Content/StandartContent/StarterContent/Audio/Steam01_Cue.uasset" 682
"../../../../../../UnrealEngineProjects/Liza_En_Bar_23092020/Content/StandartContent/StarterContent/Particles/P_Steam_Lit.uasset" 683
"../../../../../../UnrealEngineProjects/Liza_En_Bar_23092020/Content/StandartContent/StarterContent/Blueprints/Blueprint_Effect_Steam.uasset" 684
"../../../../../../UnrealEngineProjects/Liza_En_Bar_23092020/Content/StandartContent/StarterContent/Blueprints/Blueprint_CeilingLight.uasset" 685
"../../../../../../UnrealEngineProjects/Liza_En_Bar_23092020/Content/StandartContent/StarterContent/Blueprints/Blueprint_WallSconce.uasset" 686
"../../../../../../UnrealEngineProjects/Liza_En_Bar_23092020/Content/StandartContent/StarterContent/Maps/StarterMap_BuiltData.uasset" 687
"../../../../../../UnrealEngineProjects/Liza_En_Bar_23092020/Content/StandartContent/StarterContent/Textures/T_Brick_Clay_Beveled_D.uasset" 688
"../../../../../../UnrealEngineProjects/Liza_En_Bar_23092020/Content/StandartContent/StarterContent/Textures/T_Brick_Clay_Beveled_M.uasset" 689
"../../../../../../UnrealEngineProjects/Liza_En_Bar_23092020/Content/StandartContent/StarterContent/Textures/T_Brick_Clay_Beveled_N.uasset" 690
"../../../../../../UnrealEngineProjects/Liza_En_Bar_23092020/Content/StandartContent/StarterContent/Materials/M_Brick_Clay_Beveled.uasset" 691
"../../../../../../UnrealEngineProjects/Liza_En_Bar_23092020/Content/StandartContent/StarterContent/Textures/T_Brick_Clay_New_D.uasset" 692
"../../../../../../UnrealEngineProjects/Liza_En_Bar_23092020/Content/StandartContent/StarterContent/Textures/T_Brick_Clay_New_M.uasset" 693
"../../../../../../UnrealEngineProjects/Liza_En_Bar_23092020/Content/StandartContent/StarterContent/Textures/T_Brick_Clay_New_N.uasset" 694
"../../../../../../UnrealEngineProjects/Liza_En_Bar_23092020/Content/StandartContent/StarterContent/Materials/M_Brick_Clay_New.uasset" 695
"../../../../../../UnrealEngineProjects/Liza_En_Bar_23092020/Content/StandartContent/StarterContent/Textures/T_Brick_Clay_Old_D.uasset" 696
"../../../../../../UnrealEngineProjects/Liza_En_Bar_23092020/Content/StandartContent/StarterContent/Textures/T_Brick_Clay_Old_N.uasset" 697
"../../../../../../UnrealEngineProjects/Liza_En_Bar_23092020/Content/StandartContent/StarterContent/Materials/M_Brick_Clay_Old.uasset" 698
"../../../../../../UnrealEngineProjects/Liza_En_Bar_23092020/Content/StandartContent/StarterContent/Textures/T_Brick_Cut_Stone_D.uasset" 699
"../../../../../../UnrealEngineProjects/Liza_En_Bar_23092020/Content/StandartContent/StarterContent/Textures/T_Brick_Cut_Stone_N.uasset" 700
"../../../../../../UnrealEngineProjects/Liza_En_Bar_23092020/Content/StandartContent/StarterContent/Materials/M_Brick_Cut_Stone.uasset" 701
"../../../../../../UnrealEngineProjects/Liza_En_Bar_23092020/Content/StandartContent/StarterContent/Textures/T_Brick_Hewn_Stone_D.uasset" 702
"../../../../../../UnrealEngineProjects/Liza_En_Bar_23092020/Content/StandartContent/StarterContent/Textures/T_Brick_Hewn_Stone_M.uasset" 703
"../../../../../../UnrealEngineProjects/Liza_En_Bar_23092020/Content/StandartContent/StarterContent/Textures/T_Brick_Hewn_Stone_N.uasset" 704
"../../../../../../UnrealEngineProjects/Liza_En_Bar_23092020/Content/StandartContent/StarterContent/Materials/M_Brick_Hewn_Stone.uasset" 705
"../../../../../../UnrealEngineProjects/Liza_En_Bar_23092020/Content/StandartContent/StarterContent/Textures/T_Ceramic_Tile_M.uasset" 706
"../../../../../../UnrealEngineProjects/Liza_En_Bar_23092020/Content/StandartContent/StarterContent/Textures/T_Ceramic_Tile_N.uasset" 707
"../../../../../../UnrealEngineProjects/Liza_En_Bar_23092020/Content/StandartContent/StarterContent/Textures/T_Rock_Marble_Polished_D.uasset" 708
"../../../../../../UnrealEngineProjects/Liza_En_Bar_23092020/Content/StandartContent/StarterContent/Materials/M_Ceramic_Tile_Checker.uasset" 709
"../../../../../../UnrealEngineProjects/Liza_En_Bar_23092020/Content/StandartContent/StarterContent/Textures/T_CobbleStone_Pebble_D.uasset" 710
"../../../../../../UnrealEngineProjects/Liza_En_Bar_23092020/Content/StandartContent/StarterContent/Textures/T_CobbleStone_Pebble_M.uasset" 711
"../../../../../../UnrealEngineProjects/Liza_En_Bar_23092020/Content/StandartContent/StarterContent/Textures/T_CobbleStone_Pebble_N.uasset" 712
"../../../../../../UnrealEngineProjects/Liza_En_Bar_23092020/Content/StandartContent/StarterContent/Materials/M_CobbleStone_Pebble.uasset" 713
"../../../../../../UnrealEngineProjects/Liza_En_Bar_23092020/Content/StandartContent/StarterContent/Textures/T_CobbleStone_Rough_D.uasset" 714
"../../../../../../UnrealEngineProjects/Liza_En_Bar_23092020/Content/StandartContent/StarterContent/Textures/T_CobbleStone_Rough_N.uasset" 715
"../../../../../../UnrealEngineProjects/Liza_En_Bar_23092020/Content/StandartContent/StarterContent/Textures/T_Gradinet_01.uasset" 716
"../../../../../../UnrealEngineProjects/Liza_En_Bar_23092020/Content/StandartContent/StarterContent/Textures/T_Rock_Smooth_Granite_D.uasset" 717
"../../../../../../UnrealEngineProjects/Liza_En_Bar_23092020/Content/StandartContent/StarterContent/Materials/M_CobbleStone_Rough.uasset" 718
"../../../../../../UnrealEngineProjects/Liza_En_Bar_23092020/Content/StandartContent/StarterContent/Textures/T_CobbleStone_Smooth_D.uasset" 719
"../../../../../../UnrealEngineProjects/Liza_En_Bar_23092020/Content/StandartContent/StarterContent/Textures/T_CobbleStone_Smooth_M.uasset" 720
"../../../../../../UnrealEngineProjects/Liza_En_Bar_23092020/Content/StandartContent/StarterContent/Textures/T_CobbleStone_Smooth_N.uasset" 721
"../../../../../../UnrealEngineProjects/Liza_En_Bar_23092020/Content/StandartContent/StarterContent/Materials/M_CobbleStone_Smooth.uasset" 722
"../../../../../../UnrealEngineProjects/Liza_En_Bar_23092020/Content/StandartContent/StarterContent/Materials/M_Concrete_Grime.uasset" 723
"../../../../../../UnrealEngineProjects/Liza_En_Bar_23092020/Content/StandartContent/StarterContent/Textures/T_Concrete_Panels_D.uasset" 724
"../../../../../../UnrealEngineProjects/Liza_En_Bar_23092020/Content/StandartContent/StarterContent/Textures/T_Concrete_Panels_N.uasset" 725
"../../../../../../UnrealEngineProjects/Liza_En_Bar_23092020/Content/StandartContent/StarterContent/Materials/M_Concrete_Panels.uasset" 726
"../../../../../../UnrealEngineProjects/Liza_En_Bar_23092020/Content/StandartContent/StarterContent/Textures/T_Concrete_Poured_D.uasset" 727
"../../../../../../UnrealEngineProjects/Liza_En_Bar_23092020/Content/StandartContent/StarterContent/Textures/T_Concrete_Poured_N.uasset" 728
"../../../../../../UnrealEngineProjects/Liza_En_Bar_23092020/Content/StandartContent/StarterContent/Materials/M_Concrete_Poured.uasset" 729
"../../../../../../UnrealEngineProjects/Liza_En_Bar_23092020/Content/StandartContent/StarterContent/Textures/T_Ground_Grass_D.uasset" 730
"../../../../../../UnrealEngineProjects/Liza_En_Bar_23092020/Content/StandartContent/StarterContent/Textures/T_Ground_Grass_N.uasset" 731
"../../../../../../UnrealEngineProjects/Liza_En_Bar_23092020/Content/StandartContent/StarterContent/Materials/M_Ground_Grass.uasset" 732
"../../../../../../UnrealEngineProjects/Liza_En_Bar_23092020/Content/StandartContent/StarterContent/Textures/T_Ground_Gravel_D.uasset" 733
"../../../../../../UnrealEngineProjects/Liza_En_Bar_23092020/Content/StandartContent/StarterContent/Textures/T_Ground_Gravel_N.uasset" 734
"../../../../../../UnrealEngineProjects/Liza_En_Bar_23092020/Content/StandartContent/StarterContent/Materials/M_Ground_Gravel.uasset" 735
"../../../../../../UnrealEngineProjects/Liza_En_Bar_23092020/Content/StandartContent/StarterContent/Materials/M_Ground_Moss.uasset" 736
"../../../../../../UnrealEngineProjects/Liza_En_Bar_23092020/Content/StandartContent/StarterContent/Materials/M_Metal_Chrome.uasset" 737
"../../../../../../UnrealEngineProjects/Liza_En_Bar_23092020/Content/StandartContent/StarterContent/Textures/T_Metal_Gold_D.uasset" 738
"../../../../../../UnrealEngineProjects/Liza_En_Bar_23092020/Content/StandartContent/StarterContent/Materials/M_Metal_Gold.uasset" 739
"../../../../../../UnrealEngineProjects/Liza_En_Bar_23092020/Content/StandartContent/StarterContent/Textures/T_Metal_Rust_D.uasset" 740
"../../../../../../UnrealEngineProjects/Liza_En_Bar_23092020/Content/StandartContent/StarterContent/Materials/M_Metal_Rust.uasset" 741
"../../../../../../UnrealEngineProjects/Liza_En_Bar_23092020/Content/StandartContent/StarterContent/Textures/T_Metal_Steel_D.uasset" 742
"../../../../../../UnrealEngineProjects/Liza_En_Bar_23092020/Content/StandartContent/StarterContent/Textures/T_Metal_Steel_N.uasset" 743
"../../../../../../UnrealEngineProjects/Liza_En_Bar_23092020/Content/StandartContent/StarterContent/Materials/M_Metal_Steel.uasset" 744
"../../../../../../UnrealEngineProjects/Liza_En_Bar_23092020/Content/StandartContent/StarterContent/Textures/T_Rock_Basalt_N.uasset" 745
"../../../../../../UnrealEngineProjects/Liza_En_Bar_23092020/Content/StandartContent/StarterContent/Materials/M_Rock_Basalt.uasset" 746
"../../../../../../UnrealEngineProjects/Liza_En_Bar_23092020/Content/StandartContent/StarterContent/Materials/M_Rock_Marble_Polished.uasset" 747
"../../../../../../UnrealEngineProjects/Liza_En_Bar_23092020/Content/StandartContent/StarterContent/Materials/M_Rock_Sandstone.uasset" 748
"../../../../../../UnrealEngineProjects/Liza_En_Bar_23092020/Content/StandartContent/StarterContent/Textures/T_Rock_Slate_D.uasset" 749
"../../../../../../UnrealEngineProjects/Liza_En_Bar_23092020/Content/StandartContent/StarterContent/Textures/T_Rock_Slate_N.uasset" 750
"../../../../../../UnrealEngineProjects/Liza_En_Bar_23092020/Content/StandartContent/StarterContent/Materials/M_Rock_Slate.uasset" 751
"../../../../../../UnrealEngineProjects/Liza_En_Bar_23092020/Content/StandartContent/StarterContent/Textures/T_Checker_Noise_M.uasset" 752
"../../../../../../UnrealEngineProjects/Liza_En_Bar_23092020/Content/StandartContent/StarterContent/Textures/T_Single_Tile_N.uasset" 753
"../../../../../../UnrealEngineProjects/Liza_En_Bar_23092020/Content/StandartContent/StarterContent/Textures/T_Tech_Dot_M.uasset" 754
"../../../../../../UnrealEngineProjects/Liza_En_Bar_23092020/Content/StandartContent/StarterContent/Textures/T_Tech_Dot_N.uasset" 755
"../../../../../../UnrealEngineProjects/Liza_En_Bar_23092020/Content/StandartContent/StarterContent/Materials/M_Tech_Checker_Dot.uasset" 756
"../../../../../../UnrealEngineProjects/Liza_En_Bar_23092020/Content/StandartContent/StarterContent/Textures/T_Tech_Hex_Tile_M.uasset" 757
"../../../../../../UnrealEngineProjects/Liza_En_Bar_23092020/Content/StandartContent/StarterContent/Textures/T_Tech_Hex_Tile_N.uasset" 758
"../../../../../../UnrealEngineProjects/Liza_En_Bar_23092020/Content/StandartContent/StarterContent/Materials/M_Tech_Hex_Tile.uasset" 759
"../../../../../../UnrealEngineProjects/Liza_En_Bar_23092020/Content/StandartContent/StarterContent/Materials/M_Tech_Hex_Tile_Pulse.uasset" 760
"../../../../../../UnrealEngineProjects/Liza_En_Bar_23092020/Content/StandartContent/StarterContent/Textures/T_Tech_Panel_M.uasset" 761
"../../../../../../UnrealEngineProjects/Liza_En_Bar_23092020/Content/StandartContent/StarterContent/Textures/T_Tech_Panel_N.uasset" 762
"../../../../../../UnrealEngineProjects/Liza_En_Bar_23092020/Content/StandartContent/StarterContent/Materials/M_Tech_Panel.uasset" 763
"../../../../../../UnrealEngineProjects/Liza_En_Bar_23092020/Content/StandartContent/StarterContent/Materials/M_Water_Lake.uasset" 764
"../../../../../../UnrealEngineProjects/Liza_En_Bar_23092020/Content/StandartContent/StarterContent/Textures/T_Wood_Floor_Walnut_D.uasset" 765
"../../../../../../UnrealEngineProjects/Liza_En_Bar_23092020/Content/StandartContent/StarterContent/Textures/T_Wood_Floor_Walnut_M.uasset" 766
"../../../../../../UnrealEngineProjects/Liza_En_Bar_23092020/Content/StandartContent/StarterContent/Textures/T_Wood_Floor_Walnut_N.uasset" 767
"../../../../../../UnrealEngineProjects/Liza_En_Bar_23092020/Content/StandartContent/StarterContent/Materials/M_Wood_Floor_Walnut_Polished.uasset" 768
"../../../Engine/Content/Functions/Engine_MaterialFunctions01/Opacity/AlphaOffset.uasset" 769
"../../../../../../UnrealEngineProjects/Liza_En_Bar_23092020/Content/StandartContent/StarterContent/Materials/M_Wood_Floor_Walnut_Worn.uasset" 770
"../../../../../../UnrealEngineProjects/Liza_En_Bar_23092020/Content/StandartContent/StarterContent/Textures/T_Wood_Oak_D.uasset" 771
"../../../../../../UnrealEngineProjects/Liza_En_Bar_23092020/Content/StandartContent/StarterContent/Textures/T_Wood_Oak_N.uasset" 772
"../../../../../../UnrealEngineProjects/Liza_En_Bar_23092020/Content/StandartContent/StarterContent/Materials/M_Wood_Oak.uasset" 773
"../../../../../../UnrealEngineProjects/Liza_En_Bar_23092020/Content/StandartContent/StarterContent/Textures/T_Wood_Walnut_D.uasset" 774
"../../../../../../UnrealEngineProjects/Liza_En_Bar_23092020/Content/StandartContent/StarterContent/Textures/T_Wood_Walnut_N.uasset" 775
"../../../../../../UnrealEngineProjects/Liza_En_Bar_23092020/Content/StandartContent/StarterContent/Materials/M_Wood_Walnut.uasset" 776
"../../../../../../UnrealEngineProjects/Liza_En_Bar_23092020/Content/StandartContent/StarterContent/Architecture/Wall_400x200.uasset" 777
"../../../../../../UnrealEngineProjects/Liza_En_Bar_23092020/Content/StandartContent/StarterContent/Architecture/Wall_Door_400x300.uasset" 778
"../../../../../../UnrealEngineProjects/Liza_En_Bar_23092020/Content/StandartContent/StarterContent/Architecture/Wall_Window_400x300.uasset" 779
"../../../../../../UnrealEngineProjects/Liza_En_Bar_23092020/Content/StandartContent/StarterContent/Audio/Collapse_Cue.uasset" 780
"../../../../../../UnrealEngineProjects/Liza_En_Bar_23092020/Content/StandartContent/StarterContent/Audio/Starter_Music01.uasset" 781
"../../../../../../UnrealEngineProjects/Liza_En_Bar_23092020/Content/StandartContent/StarterContent/Audio/Starter_Music_Cue.uasset" 782
"../../../../../../UnrealEngineProjects/Liza_En_Bar_23092020/Content/StandartContent/StarterContent/Textures/T_Dust_Particle_D.uasset" 783
"../../../../../../UnrealEngineProjects/Liza_En_Bar_23092020/Content/StandartContent/StarterContent/Particles/Materials/M_Dust_Particle.uasset" 784
"../../../../../../UnrealEngineProjects/Liza_En_Bar_23092020/Content/StandartContent/StarterContent/Particles/P_Ambient_Dust.uasset" 785
"../../../../../../UnrealEngineProjects/Liza_En_Bar_23092020/Content/StandartContent/StarterContent/Props/MaterialSphere.uasset" 786
"../../../../../../UnrealEngineProjects/Liza_En_Bar_23092020/Content/StandartContent/StarterContent/Props/SM_CornerFrame.uasset" 787
"../../../../../../UnrealEngineProjects/Liza_En_Bar_23092020/Content/StandartContent/StarterContent/Props/SM_GlassWindow.uasset" 788
"../../../../../../UnrealEngineProjects/Liza_En_Bar_23092020/Content/StandartContent/StarterContent/Props/SM_PillarFrame.uasset" 789
"../../../../../../UnrealEngineProjects/Liza_En_Bar_23092020/Content/StandartContent/StarterContent/Props/SM_PillarFrame300.uasset" 790
"../../../../../../UnrealEngineProjects/Liza_En_Bar_23092020/Content/StandartContent/StarterContent/Props/SM_WindowFrame.uasset" 791
"../../../../../../UnrealEngineProjects/Liza_En_Bar_23092020/Content/StandartContent/StarterContent/Shapes/Shape_Cube.uasset" 792
"../../../../../../UnrealEngineProjects/Liza_En_Bar_23092020/Content/StandartContent/StarterContent/Shapes/Shape_Sphere.uasset" 793
"../../../../../../UnrealEngineProjects/Liza_En_Bar_23092020/Content/StandartContent/StarterContent/Maps/StarterMap.umap" 794
"../../../../../../UnrealEngineProjects/Liza_En_Bar_23092020/Content/StandartContent/ThirdPersonBP/Maps/ThirdPersonExampleMap_BuiltData.uasset" 795
"../../../../../../UnrealEngineProjects/Liza_En_Bar_23092020/Content/StandartContent/Geometry/Meshes/1M_Cube_Chamfer.uasset" 796
"../../../../../../UnrealEngineProjects/Liza_En_Bar_23092020/Content/StandartContent/Geometry/Meshes/TemplateFloor.uasset" 797
"../../../../../../UnrealEngineProjects/Liza_En_Bar_23092020/Content/StandartContent/ThirdPersonBP/Maps/ThirdPersonExampleMap.umap" 798
"../../../../../../UnrealEngineProjects/Liza_En_Bar_23092020/Content/StandartContent/VehicleBP/Sedan/Sedan_BackWheel.uasset" 799
"../../../../../../UnrealEngineProjects/Liza_En_Bar_23092020/Content/StandartContent/VehicleBP/Sedan/Sedan_FrontWheel.uasset" 800
"../../../../../../UnrealEngineProjects/Liza_En_Bar_23092020/Content/StandartContent/VehicleBP/Sedan/Sedan.uasset" 801
"../../../../../../UnrealEngineProjects/Liza_En_Bar_23092020/Content/StandartContent/VehicleBP/Blueprints/VehicleHUD.uasset" 802
"../../../../../../UnrealEngineProjects/Liza_En_Bar_23092020/Content/StandartContent/VehicleBP/Blueprints/VehicleGameMode.uasset" 803
"../../../../../../UnrealEngineProjects/Liza_En_Bar_23092020/Content/StandartContent/VehicleBP/Maps/VehicleExampleMap_BuiltData.uasset" 804
"../../../../../../UnrealEngineProjects/Liza_En_Bar_23092020/Content/StandartContent/VehicleBP/Maps/VehicleExampleMap.umap" 805
"../../../Engine/Content/Maps/Entry_BuiltData.uasset" 806
"../../../Engine/Content/Maps/Entry.umap" 807
